0 verbose cli /usr/bin/node /usr/bin/npm
1 info using npm@9.2.0
2 info using node@v18.19.1
3 timing npm:load:whichnode Completed in 0ms
4 timing config:load:defaults Completed in 2ms
5 timing config:load:file:/usr/share/nodejs/npm/npmrc Completed in 3ms
6 timing config:load:builtin Completed in 3ms
7 timing config:load:cli Completed in 1ms
8 timing config:load:env Completed in 0ms
9 timing config:load:file:/home/anthony/cival-dashboard/.npmrc Completed in 0ms
10 timing config:load:project Completed in 1ms
11 timing config:load:file:/home/anthony/.npmrc Completed in 0ms
12 timing config:load:user Completed in 0ms
13 timing config:load:file:/etc/npmrc Completed in 1ms
14 timing config:load:global Completed in 1ms
15 timing config:load:setEnvs Completed in 0ms
16 timing config:load Completed in 8ms
17 timing npm:load:configload Completed in 8ms
18 timing npm:load:mkdirpcache Completed in 0ms
19 timing npm:load:mkdirplogs Completed in 1ms
20 verbose title npm install uuid @types/uuid
21 verbose argv "install" "uuid" "@types/uuid" "--legacy-peer-deps"
22 timing npm:load:setTitle Completed in 1ms
23 timing config:load:flatten Completed in 2ms
24 timing npm:load:display Completed in 2ms
25 verbose logfile logs-max:10 dir:/home/anthony/.npm/_logs/2025-06-22T20_43_40_577Z-
26 verbose logfile /home/anthony/.npm/_logs/2025-06-22T20_43_40_577Z-debug-0.log
27 timing npm:load:logFile Completed in 5ms
28 timing npm:load:timers Completed in 0ms
29 timing npm:load:configScope Completed in 0ms
30 timing npm:load Completed in 17ms
31 silly logfile start cleaning logs, removing 1 files
32 timing config:load:flatten Completed in 1ms
33 timing arborist:ctor Completed in 0ms
34 silly logfile done cleaning log files
35 timing idealTree:init Completed in 423ms
36 timing idealTree:userRequests Completed in 8ms
37 silly idealTree buildDeps
38 silly fetch manifest uuid@*
39 timing arborist:ctor Completed in 0ms
40 http fetch GET 200 https://registry.npmjs.org/uuid 485ms (cache revalidated)
41 silly fetch manifest @types/uuid@*
42 http fetch GET 200 https://registry.npmjs.org/@types%2fuuid 39ms (cache revalidated)
43 silly placeDep ROOT @types/uuid@10.0.0 OK for: cival-dashboard@0.1.0 want: *
44 silly placeDep ROOT uuid@11.1.0 OK for: cival-dashboard@0.1.0 want: *
45 timing idealTree:#root Completed in 533ms
46 timing idealTree:node_modules/@types/uuid Completed in 0ms
47 timing idealTree:node_modules/uuid Completed in 0ms
48 timing idealTree:buildDeps Completed in 534ms
49 timing idealTree:fixDepFlags Completed in 4ms
50 timing idealTree Completed in 976ms
51 timing reify:loadTrees Completed in 976ms
52 timing reify:diffTrees Completed in 10ms
53 silly reify moves {}
54 timing reify:retireShallow Completed in 0ms
55 timing reify:createSparse Completed in 6ms
56 timing reify:loadBundles Completed in 0ms
57 silly audit bulk request {
57 silly audit   '@adobe/css-tools': [ '4.4.3' ],
57 silly audit   '@adraffy/ens-normalize': [ '1.10.1' ],
57 silly audit   '@alloc/quick-lru': [ '5.2.0' ],
57 silly audit   '@ampproject/remapping': [ '2.3.0' ],
57 silly audit   '@asamuzakjp/css-color': [ '3.2.0' ],
57 silly audit   'lru-cache': [ '10.4.3', '5.1.1' ],
57 silly audit   '@asamuzakjp/dom-selector': [ '2.0.2' ],
57 silly audit   '@babel/code-frame': [ '7.27.1' ],
57 silly audit   '@babel/compat-data': [ '7.27.2' ],
57 silly audit   '@babel/core': [ '7.27.1' ],
57 silly audit   '@babel/generator': [ '7.27.1' ],
57 silly audit   '@babel/helper-compilation-targets': [ '7.27.2' ],
57 silly audit   '@babel/helper-module-imports': [ '7.27.1' ],
57 silly audit   '@babel/helper-module-transforms': [ '7.27.1' ],
57 silly audit   '@babel/helper-plugin-utils': [ '7.27.1' ],
57 silly audit   '@babel/helper-string-parser': [ '7.27.1' ],
57 silly audit   '@babel/helper-validator-identifier': [ '7.27.1' ],
57 silly audit   '@babel/helper-validator-option': [ '7.27.1' ],
57 silly audit   '@babel/helpers': [ '7.27.1' ],
57 silly audit   '@babel/parser': [ '7.27.2' ],
57 silly audit   '@babel/plugin-transform-react-jsx-self': [ '7.27.1' ],
57 silly audit   '@babel/plugin-transform-react-jsx-source': [ '7.27.1' ],
57 silly audit   '@babel/runtime': [ '7.27.1' ],
57 silly audit   '@babel/template': [ '7.27.2' ],
57 silly audit   '@babel/traverse': [ '7.27.1' ],
57 silly audit   globals: [ '11.12.0', '14.0.0' ],
57 silly audit   '@babel/types': [ '7.27.1' ],
57 silly audit   '@choojs/findup': [ '0.2.1' ],
57 silly audit   commander: [ '2.20.3', '4.1.1' ],
57 silly audit   '@csstools/color-helpers': [ '5.0.2' ],
57 silly audit   '@csstools/css-calc': [ '2.1.3' ],
57 silly audit   '@csstools/css-color-parser': [ '3.0.9' ],
57 silly audit   '@csstools/css-parser-algorithms': [ '3.0.4' ],
57 silly audit   '@csstools/css-tokenizer': [ '3.0.3' ],
57 silly audit   '@emnapi/core': [ '1.4.3' ],
57 silly audit   '@emnapi/runtime': [ '1.4.3' ],
57 silly audit   '@emnapi/wasi-threads': [ '1.0.2' ],
57 silly audit   '@esbuild/aix-ppc64': [ '0.21.5' ],
57 silly audit   '@eslint-community/eslint-utils': [ '4.7.0' ],
57 silly audit   '@eslint-community/regexpp': [ '4.12.1' ],
57 silly audit   '@eslint/config-array': [ '0.20.0' ],
57 silly audit   '@eslint/config-helpers': [ '0.2.2' ],
57 silly audit   '@eslint/core': [ '0.14.0' ],
57 silly audit   '@eslint/eslintrc': [ '3.3.1' ],
57 silly audit   ajv: [ '6.12.6' ],
57 silly audit   'json-schema-traverse': [ '0.4.1' ],
57 silly audit   '@eslint/js': [ '9.27.0' ],
57 silly audit   '@eslint/object-schema': [ '2.1.6' ],
57 silly audit   '@eslint/plugin-kit': [ '0.3.1' ],
57 silly audit   '@floating-ui/core': [ '1.7.0' ],
57 silly audit   '@floating-ui/dom': [ '1.7.0' ],
57 silly audit   '@floating-ui/react-dom': [ '2.1.2' ],
57 silly audit   '@floating-ui/utils': [ '0.2.9' ],
57 silly audit   '@hello-pangea/dnd': [ '18.0.1' ],
57 silly audit   '@hookform/resolvers': [ '3.10.0' ],
57 silly audit   '@humanfs/core': [ '0.19.1' ],
57 silly audit   '@humanfs/node': [ '0.16.6' ],
57 silly audit   '@humanwhocodes/retry': [ '0.3.1', '0.4.3' ],
57 silly audit   '@humanwhocodes/module-importer': [ '1.0.1' ],
57 silly audit   '@img/sharp-darwin-arm64': [ '0.33.5' ],
57 silly audit   '@img/sharp-darwin-x64': [ '0.33.5' ],
57 silly audit   '@img/sharp-libvips-darwin-arm64': [ '1.0.4' ],
57 silly audit   '@img/sharp-libvips-darwin-x64': [ '1.0.4' ],
57 silly audit   '@img/sharp-libvips-linux-arm': [ '1.0.5' ],
57 silly audit   '@img/sharp-libvips-linux-arm64': [ '1.0.4' ],
57 silly audit   '@img/sharp-libvips-linux-s390x': [ '1.0.4' ],
57 silly audit   '@img/sharp-libvips-linux-x64': [ '1.0.4' ],
57 silly audit   '@img/sharp-libvips-linuxmusl-arm64': [ '1.0.4' ],
57 silly audit   '@img/sharp-libvips-linuxmusl-x64': [ '1.0.4' ],
57 silly audit   '@img/sharp-linux-arm': [ '0.33.5' ],
57 silly audit   '@img/sharp-linux-arm64': [ '0.33.5' ],
57 silly audit   '@img/sharp-linux-s390x': [ '0.33.5' ],
57 silly audit   '@img/sharp-linux-x64': [ '0.33.5' ],
57 silly audit   '@img/sharp-linuxmusl-arm64': [ '0.33.5' ],
57 silly audit   '@img/sharp-linuxmusl-x64': [ '0.33.5' ],
57 silly audit   '@img/sharp-wasm32': [ '0.33.5' ],
57 silly audit   '@img/sharp-win32-ia32': [ '0.33.5' ],
57 silly audit   '@img/sharp-win32-x64': [ '0.33.5' ],
57 silly audit   '@ioredis/commands': [ '1.2.0' ],
57 silly audit   '@isaacs/cliui': [ '8.0.2' ],
57 silly audit   '@jest/schemas': [ '29.6.3' ],
57 silly audit   '@jridgewell/gen-mapping': [ '0.3.8' ],
57 silly audit   '@jridgewell/resolve-uri': [ '3.1.2' ],
57 silly audit   '@jridgewell/set-array': [ '1.2.1' ],
57 silly audit   '@jridgewell/sourcemap-codec': [ '1.5.0' ],
57 silly audit   '@jridgewell/trace-mapping': [ '0.3.25' ],
57 silly audit   '@mapbox/geojson-rewind': [ '0.5.2' ],
57 silly audit   '@mapbox/geojson-types': [ '1.0.2' ],
57 silly audit   '@mapbox/jsonlint-lines-primitives': [ '2.0.2' ],
57 silly audit   '@mapbox/mapbox-gl-supported': [ '1.5.0' ],
57 silly audit   '@mapbox/point-geometry': [ '0.1.0' ],
57 silly audit   '@mapbox/tiny-sdf': [ '1.2.5', '2.0.6' ],
57 silly audit   '@mapbox/unitbezier': [ '0.0.0', '0.0.1' ],
57 silly audit   '@mapbox/vector-tile': [ '1.3.1' ],
57 silly audit   '@mapbox/whoots-js': [ '3.1.0' ],
57 silly audit   '@maplibre/maplibre-gl-style-spec': [ '20.4.0' ],
57 silly audit   tinyqueue: [ '3.0.0', '2.0.3' ],
57 silly audit   '@mongodb-js/saslprep': [ '1.2.2' ],
57 silly audit   '@napi-rs/wasm-runtime': [ '0.2.10' ],
57 silly audit   '@next/env': [ '15.1.8' ],
57 silly audit   '@next/eslint-plugin-next': [ '15.1.8' ],
57 silly audit   '@next/swc-darwin-arm64': [ '15.1.8' ],
57 silly audit   '@next/swc-darwin-x64': [ '15.1.8' ],
57 silly audit   '@next/swc-linux-arm64-gnu': [ '15.1.8' ],
57 silly audit   '@next/swc-linux-arm64-musl': [ '15.1.8' ],
57 silly audit   '@next/swc-linux-x64-gnu': [ '15.1.8' ],
57 silly audit   '@next/swc-linux-x64-musl': [ '15.1.8' ],
57 silly audit   '@next/swc-win32-arm64-msvc': [ '15.1.8' ],
57 silly audit   '@next/swc-win32-x64-msvc': [ '15.1.8' ],
57 silly audit   '@noble/curves': [ '1.2.0' ],
57 silly audit   '@noble/hashes': [ '1.3.2' ],
57 silly audit   '@nodelib/fs.scandir': [ '2.1.5' ],
57 silly audit   '@nodelib/fs.stat': [ '2.0.5' ],
57 silly audit   '@nodelib/fs.walk': [ '1.2.8' ],
57 silly audit   '@nolyfill/is-core-module': [ '1.0.39' ],
57 silly audit   '@pkgjs/parseargs': [ '0.11.0' ],
57 silly audit   '@playwright/test': [ '1.52.0' ],
57 silly audit   '@plotly/d3': [ '3.8.2' ],
57 silly audit   '@plotly/d3-sankey': [ '0.7.2' ],
57 silly audit   '@plotly/d3-sankey-circular': [ '0.33.1' ],
57 silly audit   '@plotly/mapbox-gl': [ '1.13.4' ],
57 silly audit   '@plotly/point-cluster': [ '3.1.9' ],
57 silly audit   '@popperjs/core': [ '2.11.8' ],
57 silly audit   '@radix-ui/number': [ '1.1.1' ],
57 silly audit   '@radix-ui/primitive': [ '1.1.2' ],
57 silly audit   '@radix-ui/react-alert-dialog': [ '1.1.14' ],
57 silly audit   '@radix-ui/react-arrow': [ '1.1.7' ],
57 silly audit   '@radix-ui/react-avatar': [ '1.1.10' ],
57 silly audit   '@radix-ui/react-checkbox': [ '1.3.2' ],
57 silly audit   '@radix-ui/react-collection': [ '1.1.7' ],
57 silly audit   '@radix-ui/react-compose-refs': [ '1.1.2' ],
57 silly audit   '@radix-ui/react-context': [ '1.1.2' ],
57 silly audit   '@radix-ui/react-dialog': [ '1.1.14' ],
57 silly audit   '@radix-ui/react-direction': [ '1.1.1' ],
57 silly audit   '@radix-ui/react-dismissable-layer': [ '1.1.10' ],
57 silly audit   '@radix-ui/react-dropdown-menu': [ '2.1.15' ],
57 silly audit   '@radix-ui/react-focus-guards': [ '1.1.2' ],
57 silly audit   '@radix-ui/react-focus-scope': [ '1.1.7' ],
57 silly audit   '@radix-ui/react-icons': [ '1.3.2' ],
57 silly audit   '@radix-ui/react-id': [ '1.1.1' ],
57 silly audit   '@radix-ui/react-label': [ '2.1.7' ],
57 silly audit   '@radix-ui/react-menu': [ '2.1.15' ],
57 silly audit   '@radix-ui/react-popover': [ '1.1.14' ],
57 silly audit   '@radix-ui/react-popper': [ '1.2.7' ],
57 silly audit   '@radix-ui/react-portal': [ '1.1.9' ],
57 silly audit   '@radix-ui/react-presence': [ '1.1.4' ],
57 silly audit   '@radix-ui/react-primitive': [ '2.1.3' ],
57 silly audit   '@radix-ui/react-progress': [ '1.1.7' ],
57 silly audit   '@radix-ui/react-roving-focus': [ '1.1.10' ],
57 silly audit   '@radix-ui/react-scroll-area': [ '1.2.9' ],
57 silly audit   '@radix-ui/react-select': [ '2.2.5' ],
57 silly audit   '@radix-ui/react-separator': [ '1.1.7' ],
57 silly audit   '@radix-ui/react-slider': [ '1.3.5' ],
57 silly audit   '@radix-ui/react-slot': [ '1.2.3' ],
57 silly audit   '@radix-ui/react-switch': [ '1.2.5' ],
57 silly audit   '@radix-ui/react-tabs': [ '1.1.12' ],
57 silly audit   '@radix-ui/react-toast': [ '1.2.14' ],
57 silly audit   '@radix-ui/react-tooltip': [ '1.2.7' ],
57 silly audit   '@radix-ui/react-use-callback-ref': [ '1.1.1' ],
57 silly audit   '@radix-ui/react-use-controllable-state': [ '1.2.2' ],
57 silly audit   '@radix-ui/react-use-effect-event': [ '0.0.2' ],
57 silly audit   '@radix-ui/react-use-escape-keydown': [ '1.1.1' ],
57 silly audit   '@radix-ui/react-use-is-hydrated': [ '0.1.0' ],
57 silly audit   '@radix-ui/react-use-layout-effect': [ '1.1.1' ],
57 silly audit   '@radix-ui/react-use-previous': [ '1.1.1' ],
57 silly audit   '@radix-ui/react-use-rect': [ '1.1.1' ],
57 silly audit   '@radix-ui/react-use-size': [ '1.1.1' ],
57 silly audit   '@radix-ui/react-visually-hidden': [ '1.2.3' ],
57 silly audit   '@radix-ui/rect': [ '1.1.1' ],
57 silly audit   '@redis/bloom': [ '5.1.0' ],
57 silly audit   '@redis/client': [ '5.1.0' ],
57 silly audit   '@redis/json': [ '5.1.0' ],
57 silly audit   '@redis/search': [ '5.1.0' ],
57 silly audit   '@redis/time-series': [ '5.1.0' ],
57 silly audit   '@restart/hooks': [ '0.4.16' ],
57 silly audit   '@rolldown/pluginutils': [ '1.0.0-beta.9' ],
57 silly audit   '@rollup/rollup-android-arm-eabi': [ '4.41.0' ],
57 silly audit   '@rollup/rollup-android-arm64': [ '4.41.0' ],
57 silly audit   '@rollup/rollup-darwin-arm64': [ '4.41.0' ],
57 silly audit   '@rollup/rollup-darwin-x64': [ '4.41.0' ],
57 silly audit   '@rollup/rollup-freebsd-arm64': [ '4.41.0' ],
57 silly audit   '@rollup/rollup-freebsd-x64': [ '4.41.0' ],
57 silly audit   '@rollup/rollup-linux-arm-gnueabihf': [ '4.41.0' ],
57 silly audit   '@rollup/rollup-linux-arm-musleabihf': [ '4.41.0' ],
57 silly audit   '@rollup/rollup-linux-arm64-gnu': [ '4.41.0' ],
57 silly audit   '@rollup/rollup-linux-arm64-musl': [ '4.41.0' ],
57 silly audit   '@rollup/rollup-linux-loongarch64-gnu': [ '4.41.0' ],
57 silly audit   '@rollup/rollup-linux-powerpc64le-gnu': [ '4.41.0' ],
57 silly audit   '@rollup/rollup-linux-riscv64-gnu': [ '4.41.0' ],
57 silly audit   '@rollup/rollup-linux-riscv64-musl': [ '4.41.0' ],
57 silly audit   '@rollup/rollup-linux-s390x-gnu': [ '4.41.0' ],
57 silly audit   '@rollup/rollup-linux-x64-gnu': [ '4.41.0' ],
57 silly audit   '@rollup/rollup-linux-x64-musl': [ '4.41.0' ],
57 silly audit   '@rollup/rollup-win32-arm64-msvc': [ '4.41.0' ],
57 silly audit   '@rollup/rollup-win32-ia32-msvc': [ '4.41.0' ],
57 silly audit   '@rollup/rollup-win32-x64-msvc': [ '4.41.0' ],
57 silly audit   '@rtsao/scc': [ '1.1.0' ],
57 silly audit   '@rushstack/eslint-patch': [ '1.11.0' ],
57 silly audit   '@sinclair/typebox': [ '0.27.8' ],
57 silly audit   '@socket.io/component-emitter': [ '3.1.2' ],
57 silly audit   '@supabase/auth-js': [ '2.69.1' ],
57 silly audit   '@supabase/functions-js': [ '2.4.4' ],
57 silly audit   '@supabase/node-fetch': [ '2.6.15' ],
57 silly audit   tr46: [ '0.0.3', '5.1.1' ],
57 silly audit   'webidl-conversions': [ '3.0.1', '7.0.0' ],
57 silly audit   'whatwg-url': [ '5.0.0', '14.2.0' ],
57 silly audit   '@supabase/postgrest-js': [ '1.19.4' ],
57 silly audit   '@supabase/realtime-js': [ '2.11.2' ],
57 silly audit   '@supabase/ssr': [ '0.6.1' ],
57 silly audit   cookie: [ '1.0.2' ],
57 silly audit   '@supabase/storage-js': [ '2.7.1' ],
57 silly audit   '@supabase/supabase-js': [ '2.49.8' ],
57 silly audit   '@svgdotjs/svg.draggable.js': [ '3.0.6' ],
57 silly audit   '@svgdotjs/svg.filter.js': [ '3.0.9' ],
57 silly audit   '@svgdotjs/svg.js': [ '3.2.4' ],
57 silly audit   '@svgdotjs/svg.resize.js': [ '2.0.5' ],
57 silly audit   '@svgdotjs/svg.select.js': [ '4.0.3' ],
57 silly audit   '@swc/counter': [ '0.1.3' ],
57 silly audit   '@tanstack/query-core': [ '5.76.2' ],
57 silly audit   '@tanstack/query-devtools': [ '5.76.0' ],
57 silly audit   '@tanstack/react-query': [ '5.76.2' ],
57 silly audit   '@tanstack/react-query-devtools': [ '5.76.2' ],
57 silly audit   '@tanstack/react-virtual': [ '3.13.9' ],
57 silly audit   '@tanstack/virtual-core': [ '3.13.9' ],
57 silly audit   '@testing-library/dom': [ '9.3.4' ],
57 silly audit   '@testing-library/jest-dom': [ '6.6.3' ],
57 silly audit   chalk: [ '3.0.0', '4.1.2' ],
57 silly audit   'dom-accessibility-api': [ '0.6.3', '0.5.16' ],
57 silly audit   '@testing-library/react': [ '14.3.1' ],
57 silly audit   '@types/react-dom': [ '18.3.7', '19.1.5' ],
57 silly audit   '@testing-library/user-event': [ '14.6.1' ],
57 silly audit   '@turf/area': [ '7.2.0' ],
57 silly audit   '@turf/bbox': [ '7.2.0' ],
57 silly audit   '@turf/centroid': [ '7.2.0' ],
57 silly audit   '@turf/helpers': [ '7.2.0' ],
57 silly audit   '@turf/meta': [ '7.2.0' ],
57 silly audit   '@tybys/wasm-util': [ '0.9.0' ],
57 silly audit   '@types/aria-query': [ '5.0.4' ],
57 silly audit   '@types/babel__core': [ '7.20.5' ],
57 silly audit   '@types/babel__generator': [ '7.27.0' ],
57 silly audit   '@types/babel__template': [ '7.4.4' ],
57 silly audit   '@types/babel__traverse': [ '7.20.7' ],
57 silly audit   '@types/d3-array': [ '3.2.1' ],
57 silly audit   '@types/d3-color': [ '3.1.3' ],
57 silly audit   '@types/d3-ease': [ '3.0.2' ],
57 silly audit   '@types/d3-interpolate': [ '3.0.4' ],
57 silly audit   '@types/d3-path': [ '3.1.1' ],
57 silly audit   '@types/d3-scale': [ '4.0.9' ],
57 silly audit   '@types/d3-shape': [ '3.1.7' ],
57 silly audit   '@types/d3-time': [ '3.0.4' ],
57 silly audit   '@types/d3-timer': [ '3.0.2' ],
57 silly audit   '@types/date-arithmetic': [ '4.1.4' ],
57 silly audit   '@types/geojson': [ '7946.0.16' ],
57 silly audit   '@types/geojson-vt': [ '3.2.5' ],
57 silly audit   '@types/json-schema': [ '7.0.15' ],
57 silly audit   '@types/json5': [ '0.0.29' ],
57 silly audit   '@types/mapbox__point-geometry': [ '0.1.4' ],
57 silly audit   '@types/mapbox__vector-tile': [ '1.3.4' ],
57 silly audit   '@types/node': [ '20.17.50', '22.7.5' ],
57 silly audit   '@types/pbf': [ '3.0.5' ],
57 silly audit   '@types/phoenix': [ '1.6.6' ],
57 silly audit   '@types/plotly.js': [ '2.35.6' ],
57 silly audit   '@types/prop-types': [ '15.7.15' ],
57 silly audit   '@types/react': [ '19.1.5' ],
57 silly audit   '@types/react-big-calendar': [ '1.16.2' ],
57 silly audit   '@types/semver': [ '7.7.0' ],
57 silly audit   '@types/supercluster': [ '7.1.3' ],
57 silly audit   '@types/use-sync-external-store': [ '0.0.6' ],
57 silly audit   '@types/warning': [ '3.0.3' ],
57 silly audit   '@types/webidl-conversions': [ '7.0.3' ],
57 silly audit   '@types/whatwg-url': [ '11.0.5' ],
57 silly audit   '@types/ws': [ '8.18.1' ],
57 silly audit   '@typescript-eslint/eslint-plugin': [ '6.21.0' ],
57 silly audit   semver: [ '7.7.2', '6.3.1' ],
57 silly audit   '@typescript-eslint/parser': [ '6.21.0' ],
57 silly audit   '@typescript-eslint/scope-manager': [ '6.21.0' ],
57 silly audit   '@typescript-eslint/type-utils': [ '6.21.0' ],
57 silly audit   '@typescript-eslint/types': [ '6.21.0' ],
57 silly audit   '@typescript-eslint/typescript-estree': [ '6.21.0' ],
57 silly audit   'brace-expansion': [ '2.0.1', '1.1.11' ],
57 silly audit   minimatch: [ '9.0.3', '9.0.5', '3.1.2' ],
57 silly audit   '@typescript-eslint/utils': [ '6.21.0' ],
57 silly audit   '@typescript-eslint/visitor-keys': [ '6.21.0' ],
57 silly audit   '@unrs/resolver-binding-darwin-arm64': [ '1.7.2' ],
57 silly audit   '@unrs/resolver-binding-darwin-x64': [ '1.7.2' ],
57 silly audit   '@unrs/resolver-binding-freebsd-x64': [ '1.7.2' ],
57 silly audit   '@unrs/resolver-binding-linux-arm-gnueabihf': [ '1.7.2' ],
57 silly audit   '@unrs/resolver-binding-linux-arm-musleabihf': [ '1.7.2' ],
57 silly audit   '@unrs/resolver-binding-linux-arm64-gnu': [ '1.7.2' ],
57 silly audit   '@unrs/resolver-binding-linux-arm64-musl': [ '1.7.2' ],
57 silly audit   '@unrs/resolver-binding-linux-ppc64-gnu': [ '1.7.2' ],
57 silly audit   '@unrs/resolver-binding-linux-riscv64-gnu': [ '1.7.2' ],
57 silly audit   '@unrs/resolver-binding-linux-riscv64-musl': [ '1.7.2' ],
57 silly audit   '@unrs/resolver-binding-linux-s390x-gnu': [ '1.7.2' ],
57 silly audit   '@unrs/resolver-binding-linux-x64-gnu': [ '1.7.2' ],
57 silly audit   '@unrs/resolver-binding-linux-x64-musl': [ '1.7.2' ],
57 silly audit   '@unrs/resolver-binding-wasm32-wasi': [ '1.7.2' ],
57 silly audit   '@unrs/resolver-binding-win32-arm64-msvc': [ '1.7.2' ],
57 silly audit   '@unrs/resolver-binding-win32-ia32-msvc': [ '1.7.2' ],
57 silly audit   '@unrs/resolver-binding-win32-x64-msvc': [ '1.7.2' ],
57 silly audit   '@vitejs/plugin-react': [ '4.5.0' ],
57 silly audit   'react-refresh': [ '0.17.0' ],
57 silly audit   '@vitest/expect': [ '1.6.1' ],
57 silly audit   '@vitest/runner': [ '1.6.1' ],
57 silly audit   'p-limit': [ '5.0.0', '3.1.0' ],
57 silly audit   pathe: [ '1.1.2', '2.0.3' ],
57 silly audit   'yocto-queue': [ '1.2.1', '0.1.0' ],
57 silly audit   '@vitest/snapshot': [ '1.6.1' ],
57 silly audit   'ansi-styles': [ '5.2.0', '4.3.0', '6.2.1' ],
57 silly audit   'pretty-format': [ '29.7.0', '27.5.1' ],
57 silly audit   'react-is': [ '18.3.1', '16.13.1', '17.0.2' ],
57 silly audit   '@vitest/spy': [ '1.6.1' ],
57 silly audit   '@vitest/utils': [ '1.6.1' ],
57 silly audit   '@yr/monotone-cubic-spline': [ '1.0.3' ],
57 silly audit   'abs-svg-path': [ '0.1.1' ],
57 silly audit   acorn: [ '7.4.1', '8.14.1' ],
57 silly audit   'acorn-jsx': [ '5.3.2' ],
57 silly audit   'aes-js': [ '4.0.0-beta.5' ],
57 silly audit   'agent-base': [ '7.1.3' ],
57 silly audit   'almost-equal': [ '1.1.0' ],
57 silly audit   'ansi-regex': [ '5.0.1', '6.1.0' ],
57 silly audit   'any-promise': [ '1.3.0' ],
57 silly audit   anymatch: [ '3.1.3' ],
57 silly audit   picomatch: [ '2.3.1', '4.0.2' ],
57 silly audit   apexcharts: [ '4.7.0' ],
57 silly audit   arg: [ '5.0.2' ],
57 silly audit   argparse: [ '2.0.1' ],
57 silly audit   'aria-hidden': [ '1.2.6' ],
57 silly audit   'aria-query': [ '5.1.3', '5.3.2' ],
57 silly audit   'array-bounds': [ '1.0.1' ],
57 silly audit   'array-buffer-byte-length': [ '1.0.2' ],
57 silly audit   'array-find-index': [ '1.0.2' ],
57 silly audit   'array-includes': [ '3.1.8' ],
57 silly audit   'array-normalize': [ '1.1.4' ],
57 silly audit   'array-range': [ '1.0.1' ],
57 silly audit   'array-rearrange': [ '2.2.2' ],
57 silly audit   'array-union': [ '2.1.0' ],
57 silly audit   'array.prototype.findlast': [ '1.2.5' ],
57 silly audit   'array.prototype.findlastindex': [ '1.2.6' ],
57 silly audit   'array.prototype.flat': [ '1.3.3' ],
57 silly audit   'array.prototype.flatmap': [ '1.3.3' ],
57 silly audit   'array.prototype.tosorted': [ '1.1.4' ],
57 silly audit   'arraybuffer.prototype.slice': [ '1.0.4' ],
57 silly audit   'assertion-error': [ '1.1.0' ],
57 silly audit   'ast-types-flow': [ '0.0.8' ],
57 silly audit   'async-function': [ '1.0.0' ],
57 silly audit   asynckit: [ '0.4.0' ],
57 silly audit   'attr-accept': [ '2.2.5' ],
57 silly audit   autoprefixer: [ '10.4.21' ],
57 silly audit   'available-typed-arrays': [ '1.0.7' ],
57 silly audit   'axe-core': [ '4.10.3' ],
57 silly audit   axios: [ '1.9.0' ],
57 silly audit   'axobject-query': [ '4.1.0' ],
57 silly audit   'balanced-match': [ '1.0.2' ],
57 silly audit   'base64-arraybuffer': [ '1.0.2' ],
57 silly audit   'bidi-js': [ '1.0.3' ],
57 silly audit   'binary-extensions': [ '2.3.0' ],
57 silly audit   'binary-search-bounds': [ '2.0.5' ],
57 silly audit   'bit-twiddle': [ '1.0.2' ],
57 silly audit   'bitmap-sdf': [ '1.0.4' ],
57 silly audit   bl: [ '2.2.1' ],
57 silly audit   isarray: [ '1.0.0', '0.0.1', '2.0.5' ],
57 silly audit   'readable-stream': [ '2.3.8', '1.0.34' ],
57 silly audit   'safe-buffer': [ '5.1.2' ],
57 silly audit   string_decoder: [ '1.1.1', '0.10.31' ],
57 silly audit   braces: [ '3.0.3' ],
57 silly audit   browserslist: [ '4.24.5' ],
57 silly audit   bson: [ '6.10.3' ],
57 silly audit   'buffer-from': [ '1.1.2' ],
57 silly audit   busboy: [ '1.6.0' ],
57 silly audit   cac: [ '6.7.14' ],
57 silly audit   'call-bind': [ '1.0.8' ],
57 silly audit   'call-bind-apply-helpers': [ '1.0.2' ],
57 silly audit   'call-bound': [ '1.0.4' ],
57 silly audit   callsites: [ '3.1.0' ],
57 silly audit   'camelcase-css': [ '2.0.1' ],
57 silly audit   'caniuse-lite': [ '1.0.30001718' ],
57 silly audit   'canvas-fit': [ '1.5.0' ],
57 silly audit   chai: [ '4.5.0' ],
57 silly audit   'check-error': [ '1.0.3' ],
57 silly audit   chokidar: [ '3.6.0' ],
57 silly audit   'glob-parent': [ '5.1.2', '6.0.2' ],
57 silly audit   clamp: [ '1.0.1' ],
57 silly audit   'class-variance-authority': [ '0.7.1' ],
57 silly audit   'client-only': [ '0.0.1' ],
57 silly audit   cliui: [ '8.0.1' ],
57 silly audit   'emoji-regex': [ '8.0.0', '9.2.2' ],
57 silly audit   'string-width': [ '4.2.3', '5.1.2' ],
57 silly audit   'strip-ansi': [ '6.0.1', '7.1.0' ],
57 silly audit   'wrap-ansi': [ '7.0.0', '8.1.0' ],
57 silly audit   clsx: [ '2.1.1', '1.2.1' ],
57 silly audit   'cluster-key-slot': [ '1.1.2' ],
57 silly audit   cmdk: [ '1.1.1' ],
57 silly audit   color: [ '4.2.3' ],
57 silly audit   'color-alpha': [ '1.0.4' ],
57 silly audit   'color-parse': [ '1.4.3', '2.0.0' ],
57 silly audit   'color-convert': [ '2.0.1' ],
57 silly audit   'color-id': [ '1.1.0' ],
57 silly audit   'color-name': [ '1.1.4' ],
57 silly audit   'color-normalize': [ '1.5.0' ],
57 silly audit   'color-rgba': [ '2.1.1' ],
57 silly audit   'color-space': [ '1.16.0' ],
57 silly audit   'color-string': [ '1.9.1' ],
57 silly audit   'combined-stream': [ '1.0.8' ],
57 silly audit   'concat-map': [ '0.0.1' ],
57 silly audit   'concat-stream': [ '1.6.2' ],
57 silly audit   concurrently: [ '9.1.2' ],
57 silly audit   'supports-color': [ '8.1.1', '7.2.0' ],
57 silly audit   confbox: [ '0.1.8' ],
57 silly audit   'convert-source-map': [ '2.0.0' ],
57 silly audit   'core-util-is': [ '1.0.3' ],
57 silly audit   'country-regex': [ '1.1.0' ],
57 silly audit   'cross-spawn': [ '7.0.6' ],
57 silly audit   crypto: [ '1.0.1' ],
57 silly audit   'css-box-model': [ '1.2.1' ],
57 silly audit   'css-font': [ '1.2.0' ],
57 silly audit   'css-font-size-keywords': [ '1.0.0' ],
57 silly audit   'css-font-stretch-keywords': [ '1.0.1' ],
57 silly audit   'css-font-style-keywords': [ '1.0.1' ],
57 silly audit   'css-font-weight-keywords': [ '1.0.0' ],
57 silly audit   'css-global-keywords': [ '1.0.1' ],
57 silly audit   'css-system-font-keywords': [ '1.0.0' ],
57 silly audit   'css-tree': [ '2.3.1' ],
57 silly audit   'css.escape': [ '1.5.1' ],
57 silly audit   csscolorparser: [ '1.0.3' ],
57 silly audit   cssesc: [ '3.0.0' ],
57 silly audit   cssstyle: [ '4.3.1' ],
57 silly audit   'rrweb-cssom': [ '0.8.0', '0.6.0' ],
57 silly audit   csstype: [ '3.1.3' ],
57 silly audit   d: [ '1.0.2' ],
57 silly audit   'd3-array': [ '1.2.4', '3.2.4' ],
57 silly audit   'd3-collection': [ '1.0.7' ],
57 silly audit   'd3-color': [ '3.1.0' ],
57 silly audit   'd3-dispatch': [ '1.0.6' ],
57 silly audit   'd3-ease': [ '3.0.1' ],
57 silly audit   'd3-force': [ '1.2.1' ],
57 silly audit   'd3-format': [ '1.4.5' ],
57 silly audit   'd3-geo': [ '1.12.1' ],
57 silly audit   'd3-geo-projection': [ '2.9.0' ],
57 silly audit   'd3-hierarchy': [ '1.1.9' ],
57 silly audit   'd3-interpolate': [ '3.0.1' ],
57 silly audit   'd3-path': [ '1.0.9', '3.1.0' ],
57 silly audit   'd3-quadtree': [ '1.0.7' ],
57 silly audit   'd3-scale': [ '4.0.2' ],
57 silly audit   'd3-time': [ '3.1.0', '1.1.0' ],
57 silly audit   'd3-shape': [ '1.3.7', '3.2.0' ],
57 silly audit   'd3-time-format': [ '2.3.0' ],
57 silly audit   'd3-timer': [ '1.0.10', '3.0.1' ],
57 silly audit   'damerau-levenshtein': [ '1.0.8' ],
57 silly audit   'data-urls': [ '5.0.0' ],
57 silly audit   'data-view-buffer': [ '1.0.2' ],
57 silly audit   'data-view-byte-length': [ '1.0.2' ],
57 silly audit   'data-view-byte-offset': [ '1.0.1' ],
57 silly audit   'date-arithmetic': [ '4.1.0' ],
57 silly audit   'date-fns': [ '3.6.0' ],
57 silly audit   dayjs: [ '1.11.13' ],
57 silly audit   debug: [ '4.4.1', '4.3.7', '3.2.7', '2.6.9' ],
57 silly audit   'decimal.js': [ '10.5.0' ],
57 silly audit   'decimal.js-light': [ '2.5.1' ],
57 silly audit   'deep-eql': [ '4.1.4' ],
57 silly audit   'deep-equal': [ '2.2.3' ],
57 silly audit   'deep-is': [ '0.1.4' ],
57 silly audit   deepmerge: [ '4.3.1' ],
57 silly audit   'define-data-property': [ '1.1.4' ],
57 silly audit   'define-properties': [ '1.2.1' ],
57 silly audit   defined: [ '1.0.1' ],
57 silly audit   'delayed-stream': [ '1.0.0' ],
57 silly audit   denque: [ '2.1.0' ],
57 silly audit   dequal: [ '2.0.3' ],
57 silly audit   'detect-kerning': [ '2.1.2' ],
57 silly audit   'detect-libc': [ '2.0.4' ],
57 silly audit   'detect-node-es': [ '1.1.0' ],
57 silly audit   didyoumean: [ '1.2.2' ],
57 silly audit   'diff-sequences': [ '29.6.3' ],
57 silly audit   'dir-glob': [ '3.0.1' ],
57 silly audit   dlv: [ '1.1.3' ],
57 silly audit   'dom-helpers': [ '5.2.1' ],
57 silly audit   'draw-svg-path': [ '1.0.0' ],
57 silly audit   dtype: [ '2.0.0' ],
57 silly audit   'dunder-proto': [ '1.0.1' ],
57 silly audit   dup: [ '1.0.0' ],
57 silly audit   duplexify: [ '3.7.1' ],
57 silly audit   earcut: [ '2.2.4', '3.0.1' ],
57 silly audit   eastasianwidth: [ '0.2.0' ],
57 silly audit   'electron-to-chromium': [ '1.5.157' ],
57 silly audit   'element-size': [ '1.1.1' ],
57 silly audit   'elementary-circuits-directed-graph': [ '1.3.1' ],
57 silly audit   'end-of-stream': [ '1.4.4' ],
57 silly audit   'engine.io-client': [ '6.6.3' ],
57 silly audit   ws: [ '8.17.1', '8.18.2' ],
57 silly audit   'engine.io-parser': [ '5.2.3' ],
57 silly audit   entities: [ '6.0.0' ],
57 silly audit   'es-abstract': [ '1.23.10' ],
57 silly audit   'es-define-property': [ '1.0.1' ],
57 silly audit   'es-errors': [ '1.3.0' ],
57 silly audit   'es-get-iterator': [ '1.1.3' ],
57 silly audit   'es-iterator-helpers': [ '1.2.1' ],
57 silly audit   'es-object-atoms': [ '1.1.1' ],
57 silly audit   'es-set-tostringtag': [ '2.1.0' ],
57 silly audit   'es-shim-unscopables': [ '1.1.0' ],
57 silly audit   'es-to-primitive': [ '1.3.0' ],
57 silly audit   'es5-ext': [ '0.10.64' ],
57 silly audit   'es6-iterator': [ '2.0.3' ],
57 silly audit   'es6-symbol': [ '3.1.4' ],
57 silly audit   'es6-weak-map': [ '2.0.3' ],
57 silly audit   escalade: [ '3.2.0' ],
57 silly audit   'escape-string-regexp': [ '4.0.0' ],
57 silly audit   escodegen: [ '2.1.0' ],
57 silly audit   'source-map': [ '0.6.1' ],
57 silly audit   eslint: [ '9.27.0' ],
57 silly audit   'eslint-config-next': [ '15.1.8' ],
57 silly audit   'eslint-plugin-react-hooks': [ '5.2.0', '4.6.2' ],
57 silly audit   'eslint-import-resolver-node': [ '0.3.9' ],
57 silly audit   'eslint-import-resolver-typescript': [ '3.10.1' ],
57 silly audit   'eslint-module-utils': [ '2.12.0' ],
57 silly audit   'eslint-plugin-import': [ '2.31.0' ],
57 silly audit   doctrine: [ '2.1.0' ],
57 silly audit   json5: [ '1.0.2', '2.2.3' ],
57 silly audit   'tsconfig-paths': [ '3.15.0' ],
57 silly audit   'eslint-plugin-jsx-a11y': [ '6.10.2' ],
57 silly audit   'eslint-plugin-react': [ '7.37.5' ],
57 silly audit   resolve: [ '2.0.0-next.5', '0.6.3', '1.22.10' ],
57 silly audit   'eslint-scope': [ '8.3.0' ],
57 silly audit   'eslint-visitor-keys': [ '3.4.3', '4.2.0' ],
57 silly audit   '@types/estree': [ '1.0.7' ],
57 silly audit   esniff: [ '2.0.1' ],
57 silly audit   espree: [ '10.3.0' ],
57 silly audit   esprima: [ '4.0.1' ],
57 silly audit   esquery: [ '1.6.0' ],
57 silly audit   esrecurse: [ '4.3.0' ],
57 silly audit   estraverse: [ '5.3.0' ],
57 silly audit   'estree-walker': [ '3.0.3' ],
57 silly audit   esutils: [ '2.0.3' ],
57 silly audit   ethers: [ '6.14.1' ],
57 silly audit   tslib: [ '2.7.0', '2.8.1' ],
57 silly audit   'event-emitter': [ '0.3.5' ],
57 silly audit   eventemitter3: [ '4.0.7' ],
57 silly audit   events: [ '3.3.0' ],
57 silly audit   eventsource: [ '2.0.2' ],
57 silly audit   ext: [ '1.7.0' ],
57 silly audit   falafel: [ '2.2.5' ],
57 silly audit   'fancy-canvas': [ '2.1.0' ],
57 silly audit   'fast-deep-equal': [ '3.1.3' ],
57 silly audit   'fast-equals': [ '5.2.2' ],
57 silly audit   'fast-glob': [ '3.3.1', '3.3.3' ],
57 silly audit   'fast-isnumeric': [ '1.1.4' ],
57 silly audit   'fast-json-stable-stringify': [ '2.1.0' ],
57 silly audit   'fast-levenshtein': [ '2.0.6' ],
57 silly audit   fastq: [ '1.19.1' ],
57 silly audit   fdir: [ '6.4.4' ],
57 silly audit   'file-entry-cache': [ '8.0.0' ],
57 silly audit   'flat-cache': [ '4.0.1' ],
57 silly audit   'file-selector': [ '2.1.2' ],
57 silly audit   'fill-range': [ '7.1.1' ],
57 silly audit   'find-up': [ '5.0.0' ],
57 silly audit   flatted: [ '3.3.3' ],
57 silly audit   'flatten-vertex-data': [ '1.0.2' ],
57 silly audit   'follow-redirects': [ '1.15.9' ],
57 silly audit   'font-atlas': [ '2.1.0' ],
57 silly audit   'font-measure': [ '1.2.2' ],
57 silly audit   'for-each': [ '0.3.5' ],
57 silly audit   'foreground-child': [ '3.3.1' ],
57 silly audit   'form-data': [ '4.0.2' ],
57 silly audit   'fraction.js': [ '4.3.7' ],
57 silly audit   'framer-motion': [ '11.18.2' ],
57 silly audit   from2: [ '2.3.0' ],
57 silly audit   fsevents: [ '2.3.3', '2.3.2' ],
57 silly audit   'function-bind': [ '1.1.2' ],
57 silly audit   'function.prototype.name': [ '1.1.8' ],
57 silly audit   'functions-have-names': [ '1.2.3' ],
57 silly audit   gensync: [ '1.0.0-beta.2' ],
57 silly audit   'geojson-vt': [ '3.2.1', '4.0.2' ],
57 silly audit   'get-caller-file': [ '2.0.5' ],
57 silly audit   'get-canvas-context': [ '1.0.2' ],
57 silly audit   'get-func-name': [ '2.0.2' ],
57 silly audit   'get-intrinsic': [ '1.3.0' ],
57 silly audit   'get-nonce': [ '1.0.1' ],
57 silly audit   'get-proto': [ '1.0.1' ],
57 silly audit   'get-stream': [ '6.0.1', '8.0.1' ],
57 silly audit   'get-symbol-description': [ '1.1.0' ],
57 silly audit   'get-tsconfig': [ '4.10.1' ],
57 silly audit   'gl-mat4': [ '1.2.0' ],
57 silly audit   'gl-matrix': [ '3.4.3' ],
57 silly audit   'gl-text': [ '1.4.0' ],
57 silly audit   'gl-util': [ '3.1.3' ],
57 silly audit   glob: [ '10.4.5' ],
57 silly audit   'global-prefix': [ '4.0.0' ],
57 silly audit   isexe: [ '3.1.1', '2.0.0' ],
57 silly audit   which: [ '4.0.0', '2.0.2' ],
57 silly audit   globalize: [ '0.1.1' ],
57 silly audit   globalthis: [ '1.0.4' ],
57 silly audit   globby: [ '11.1.0' ],
57 silly audit   'glsl-inject-defines': [ '1.0.3' ],
57 silly audit   'glsl-resolve': [ '0.0.1' ],
57 silly audit   xtend: [ '2.2.0', '4.0.2' ],
57 silly audit   'glsl-token-assignments': [ '2.0.2' ],
57 silly audit   'glsl-token-defines': [ '1.0.0' ],
57 silly audit   'glsl-token-depth': [ '1.1.2' ],
57 silly audit   'glsl-token-descope': [ '1.0.2' ],
57 silly audit   'glsl-token-inject-block': [ '1.1.0' ],
57 silly audit   'glsl-token-properties': [ '1.0.1' ],
57 silly audit   'glsl-token-scope': [ '1.1.2' ],
57 silly audit   'glsl-token-string': [ '1.0.1' ],
57 silly audit   'glsl-token-whitespace-trim': [ '1.0.0' ],
57 silly audit   'glsl-tokenizer': [ '2.1.5' ],
57 silly audit   through2: [ '0.6.5', '2.0.5' ],
57 silly audit   glslify: [ '7.1.1' ],
57 silly audit   'glslify-bundle': [ '5.1.1' ],
57 silly audit   'glslify-deps': [ '1.3.2' ],
57 silly audit   goober: [ '2.1.16' ],
57 silly audit   gopd: [ '1.2.0' ],
57 silly audit   'graceful-fs': [ '4.2.11' ],
57 silly audit   graphemer: [ '1.4.0' ],
57 silly audit   'grid-index': [ '1.1.0' ],
57 silly audit   'has-bigints': [ '1.1.0' ],
57 silly audit   'has-flag': [ '4.0.0' ],
57 silly audit   'has-hover': [ '1.0.1' ],
57 silly audit   'has-passive-events': [ '1.0.0' ],
57 silly audit   'has-property-descriptors': [ '1.0.2' ],
57 silly audit   'has-proto': [ '1.2.0' ],
57 silly audit   'has-symbols': [ '1.1.0' ],
57 silly audit   'has-tostringtag': [ '1.0.2' ],
57 silly audit   hasown: [ '2.0.2' ],
57 silly audit   hsluv: [ '0.0.3' ],
57 silly audit   'html-encoding-sniffer': [ '4.0.0' ],
57 silly audit   'http-proxy-agent': [ '7.0.2' ],
57 silly audit   'https-proxy-agent': [ '7.0.6' ],
57 silly audit   'iconv-lite': [ '0.4.24', '0.6.3' ],
57 silly audit   'icss-utils': [ '5.1.0' ],
57 silly audit   ieee754: [ '1.2.1' ],
57 silly audit   ignore: [ '5.3.2' ],
57 silly audit   immer: [ '10.1.1' ],
57 silly audit   'import-fresh': [ '3.3.1' ],
57 silly audit   'resolve-from': [ '4.0.0' ],
57 silly audit   imurmurhash: [ '0.1.4' ],
57 silly audit   'indent-string': [ '4.0.0' ],
57 silly audit   inherits: [ '2.0.4' ],
57 silly audit   ini: [ '4.1.3' ],
57 silly audit   'internal-slot': [ '1.1.0' ],
57 silly audit   internmap: [ '2.0.3' ],
57 silly audit   invariant: [ '2.2.4' ],
57 silly audit   ioredis: [ '5.6.1' ],
57 silly audit   'is-arguments': [ '1.2.0' ],
57 silly audit   'is-array-buffer': [ '3.0.5' ],
57 silly audit   'is-async-function': [ '2.1.1' ],
57 silly audit   'is-bigint': [ '1.1.0' ],
57 silly audit   'is-binary-path': [ '2.1.0' ],
57 silly audit   'is-boolean-object': [ '1.2.2' ],
57 silly audit   'is-browser': [ '2.1.0' ],
57 silly audit   'is-bun-module': [ '2.0.0' ],
57 silly audit   'is-callable': [ '1.2.7' ],
57 silly audit   'is-core-module': [ '2.16.1' ],
57 silly audit   'is-data-view': [ '1.0.2' ],
57 silly audit   'is-date-object': [ '1.1.0' ],
57 silly audit   'is-extglob': [ '2.1.1' ],
57 silly audit   'is-finalizationregistry': [ '1.1.1' ],
57 silly audit   'is-finite': [ '1.1.0' ],
57 silly audit   'is-firefox': [ '1.0.3' ],
57 silly audit   'is-fullwidth-code-point': [ '3.0.0' ],
57 silly audit   'is-generator-function': [ '1.1.0' ],
57 silly audit   'is-glob': [ '4.0.3' ],
57 silly audit   'is-iexplorer': [ '1.0.0' ],
57 silly audit   'is-map': [ '2.0.3' ],
57 silly audit   'is-mobile': [ '4.0.0' ],
57 silly audit   'is-number': [ '7.0.0' ],
57 silly audit   'is-number-object': [ '1.1.1' ],
57 silly audit   'is-obj': [ '1.0.1' ],
57 silly audit   'is-plain-obj': [ '1.1.0' ],
57 silly audit   'is-potential-custom-element-name': [ '1.0.1' ],
57 silly audit   'is-regex': [ '1.2.1' ],
57 silly audit   'is-set': [ '2.0.3' ],
57 silly audit   'is-shared-array-buffer': [ '1.0.4' ],
57 silly audit   'is-string': [ '1.1.1' ],
57 silly audit   'is-string-blank': [ '1.0.1' ],
57 silly audit   'is-svg-path': [ '1.0.2' ],
57 silly audit   'is-symbol': [ '1.1.1' ],
57 silly audit   'is-typed-array': [ '1.1.15' ],
57 silly audit   'is-weakmap': [ '2.0.2' ],
57 silly audit   'is-weakref': [ '1.1.1' ],
57 silly audit   'is-weakset': [ '2.0.4' ],
57 silly audit   'iterator.prototype': [ '1.1.5' ],
57 silly audit   jackspeak: [ '3.4.3' ],
57 silly audit   jiti: [ '1.21.7' ],
57 silly audit   'js-tokens': [ '4.0.0', '9.0.1' ],
57 silly audit   'js-yaml': [ '4.1.0' ],
57 silly audit   jsdom: [ '23.2.0' ],
57 silly audit   jsesc: [ '3.1.0' ],
57 silly audit   'json-buffer': [ '3.0.1' ],
57 silly audit   'json-stable-stringify-without-jsonify': [ '1.0.1' ],
57 silly audit   'json-stringify-pretty-compact': [ '4.0.0' ],
57 silly audit   'jsx-ast-utils': [ '3.3.5' ],
57 silly audit   kdbush: [ '4.0.2', '3.0.0' ],
57 silly audit   keyv: [ '4.5.4' ],
57 silly audit   'kind-of': [ '6.0.3' ],
57 silly audit   'language-subtag-registry': [ '0.3.23' ],
57 silly audit   'language-tags': [ '1.0.9' ],
57 silly audit   levn: [ '0.4.1' ],
57 silly audit   'lightweight-charts': [ '4.2.3' ],
57 silly audit   lilconfig: [ '3.1.3' ],
57 silly audit   'lines-and-columns': [ '1.2.4' ],
57 silly audit   'local-pkg': [ '0.5.1' ],
57 silly audit   'locate-path': [ '6.0.0' ],
57 silly audit   lodash: [ '4.17.21' ],
57 silly audit   'lodash-es': [ '4.17.21' ],
57 silly audit   'lodash.defaults': [ '4.2.0' ],
57 silly audit   'lodash.isarguments': [ '3.1.0' ],
57 silly audit   'lodash.merge': [ '4.6.2' ],
57 silly audit   'loose-envify': [ '1.4.0' ],
57 silly audit   loupe: [ '2.3.7' ],
57 silly audit   'lucide-react': [ '0.400.0' ],
57 silly audit   luxon: [ '3.6.1' ],
57 silly audit   'lz-string': [ '1.5.0' ],
57 silly audit   'magic-string': [ '0.30.17' ],
57 silly audit   'map-limit': [ '0.0.1' ],
57 silly audit   once: [ '1.3.3', '1.4.0' ],
57 silly audit   'maplibre-gl': [ '4.7.1' ],
57 silly audit   potpack: [ '2.0.0', '1.0.2' ],
57 silly audit   quickselect: [ '3.0.0', '2.0.0' ],
57 silly audit   supercluster: [ '8.0.1', '7.1.5' ],
57 silly audit   'math-intrinsics': [ '1.1.0' ],
57 silly audit   'math-log2': [ '1.0.1' ],
57 silly audit   'mdn-data': [ '2.0.30' ],
57 silly audit   'memoize-one': [ '6.0.0' ],
57 silly audit   'memory-pager': [ '1.5.0' ],
57 silly audit   'merge-stream': [ '2.0.0' ],
57 silly audit   merge2: [ '1.4.1' ],
57 silly audit   micromatch: [ '4.0.8' ],
57 silly audit   'mime-db': [ '1.52.0' ],
57 silly audit   'mime-types': [ '2.1.35' ],
57 silly audit   'min-indent': [ '1.0.1' ],
57 silly audit   minimist: [ '1.2.8' ],
57 silly audit   minipass: [ '7.1.2' ],
57 silly audit   mlly: [ '1.7.4' ],
57 silly audit   moment: [ '2.30.1' ],
57 silly audit   'moment-timezone': [ '0.5.48' ],
57 silly audit   mongodb: [ '6.16.0' ],
57 silly audit   'mongodb-connection-string-url': [ '3.0.2' ],
57 silly audit   'motion-dom': [ '11.18.1' ],
57 silly audit   'motion-utils': [ '11.18.1' ],
57 silly audit   'mouse-change': [ '1.4.0' ],
57 silly audit   'mouse-event': [ '1.0.5' ],
57 silly audit   'mouse-event-offset': [ '3.0.2' ],
57 silly audit   'mouse-wheel': [ '1.2.0' ],
57 silly audit   ms: [ '2.1.3', '2.0.0' ],
57 silly audit   mumath: [ '3.3.4' ],
57 silly audit   'murmurhash-js': [ '1.0.0' ],
57 silly audit   mz: [ '2.7.0' ],
57 silly audit   nanoid: [ '3.3.11' ],
57 silly audit   'napi-postinstall': [ '0.2.4' ],
57 silly audit   'native-promise-only': [ '0.8.1' ],
57 silly audit   'natural-compare': [ '1.4.0' ],
57 silly audit   needle: [ '2.9.1' ],
57 silly audit   next: [ '15.1.8' ],
57 silly audit   'next-tick': [ '1.1.0' ],
57 silly audit   '@swc/helpers': [ '0.5.15' ],
57 silly audit   postcss: [ '8.4.31', '8.5.3' ],
57 silly audit   'styled-jsx': [ '5.1.6' ],
57 silly audit   'node-releases': [ '2.0.19' ],
57 silly audit   'normalize-path': [ '3.0.0' ],
57 silly audit   'normalize-range': [ '0.1.2' ],
57 silly audit   'normalize-svg-path': [ '0.1.0', '1.1.0' ],
57 silly audit   'number-is-integer': [ '1.0.1' ],
57 silly audit   'object-assign': [ '4.1.1' ],
57 silly audit   'object-hash': [ '3.0.0' ],
57 silly audit   'object-inspect': [ '1.13.4' ],
57 silly audit   'object-is': [ '1.1.6' ],
57 silly audit   'object-keys': [ '1.1.1' ],
57 silly audit   'object.assign': [ '4.1.7' ],
57 silly audit   'object.entries': [ '1.1.9' ],
57 silly audit   'object.fromentries': [ '2.0.8' ],
57 silly audit   'object.groupby': [ '1.0.3' ],
57 silly audit   'object.values': [ '1.2.1' ],
57 silly audit   optionator: [ '0.9.4' ],
57 silly audit   'own-keys': [ '1.0.1' ],
57 silly audit   'p-locate': [ '5.0.0' ],
57 silly audit   'package-json-from-dist': [ '1.0.1' ],
57 silly audit   'parent-module': [ '1.0.1' ],
57 silly audit   parenthesis: [ '3.1.8' ],
57 silly audit   'parse-rect': [ '1.2.0' ],
57 silly audit   'parse-svg-path': [ '0.1.2' ],
57 silly audit   'parse-unit': [ '1.0.1' ],
57 silly audit   parse5: [ '7.3.0' ],
57 silly audit   'path-exists': [ '4.0.0' ],
57 silly audit   'path-key': [ '3.1.1', '4.0.0' ],
57 silly audit   'path-parse': [ '1.0.7' ],
57 silly audit   'path-scurry': [ '1.11.1' ],
57 silly audit   'path-type': [ '4.0.0' ],
57 silly audit   pathval: [ '1.1.1' ],
57 silly audit   pbf: [ '3.3.0' ],
57 silly audit   'performance-now': [ '2.1.0' ],
57 silly audit   'pick-by-alias': [ '1.2.0' ],
57 silly audit   picocolors: [ '1.1.1' ],
57 silly audit   pify: [ '2.3.0' ],
57 silly audit   pirates: [ '4.0.7' ],
57 silly audit   'pkg-types': [ '1.3.1' ],
57 silly audit   playwright: [ '1.52.0' ],
57 silly audit   'playwright-core': [ '1.52.0' ],
57 silly audit   'plotly.js': [ '2.35.3' ],
57 silly audit   'css-loader': [ '7.1.2' ],
57 silly audit   'style-loader': [ '4.0.0' ],
57 silly audit   'point-in-polygon': [ '1.1.0' ],
57 silly audit   polybooljs: [ '1.2.2' ],
57 silly audit   'possible-typed-array-names': [ '1.1.0' ],
57 silly audit   'postcss-import': [ '15.1.0' ],
57 silly audit   'postcss-js': [ '4.0.1' ],
57 silly audit   'postcss-load-config': [ '4.0.2' ],
57 silly audit   yaml: [ '2.8.0' ],
57 silly audit   'postcss-modules-extract-imports': [ '3.1.0' ],
57 silly audit   'postcss-modules-local-by-default': [ '4.2.0' ],
57 silly audit   'postcss-modules-scope': [ '3.2.1' ],
57 silly audit   'postcss-modules-values': [ '4.0.0' ],
57 silly audit   'postcss-nested': [ '6.2.0' ],
57 silly audit   'postcss-selector-parser': [ '6.1.2', '7.1.0' ],
57 silly audit   'postcss-value-parser': [ '4.2.0' ],
57 silly audit   'prelude-ls': [ '1.2.1' ],
57 silly audit   prettier: [ '3.5.3' ],
57 silly audit   'prettier-plugin-tailwindcss': [ '0.5.14' ],
57 silly audit   'probe-image-size': [ '7.2.3' ],
57 silly audit   'process-nextick-args': [ '2.0.1' ],
57 silly audit   'prop-types': [ '15.8.1' ],
57 silly audit   'protocol-buffers-schema': [ '3.6.0' ],
57 silly audit   'proxy-from-env': [ '1.1.0' ],
57 silly audit   psl: [ '1.15.0' ],
57 silly audit   punycode: [ '2.3.1' ],
57 silly audit   querystringify: [ '2.2.0' ],
57 silly audit   'queue-microtask': [ '1.2.3' ],
57 silly audit   raf: [ '3.4.1' ],
57 silly audit   'raf-schd': [ '4.0.3' ],
57 silly audit   react: [ '19.1.0' ],
57 silly audit   'react-apexcharts': [ '1.7.0' ],
57 silly audit   'react-big-calendar': [ '1.19.4' ],
57 silly audit   'react-dom': [ '19.1.0' ],
57 silly audit   'react-dropzone': [ '14.3.8' ],
57 silly audit   'react-hook-form': [ '7.56.4' ],
57 silly audit   'react-hot-toast': [ '2.5.2' ],
57 silly audit   'react-intersection-observer': [ '9.16.0' ],
57 silly audit   'react-lifecycles-compat': [ '3.0.4' ],
57 silly audit   'react-overlays': [ '5.2.1' ],
57 silly audit   'react-plotly.js': [ '2.6.0' ],
57 silly audit   'react-redux': [ '9.2.0' ],
57 silly audit   'react-remove-scroll': [ '2.7.0' ],
57 silly audit   'react-remove-scroll-bar': [ '2.3.8' ],
57 silly audit   'react-smooth': [ '4.0.4' ],
57 silly audit   'react-style-singleton': [ '2.2.3' ],
57 silly audit   'react-transition-group': [ '4.4.5' ],
57 silly audit   'read-cache': [ '1.0.0' ],
57 silly audit   readdirp: [ '3.6.0' ],
57 silly audit   recharts: [ '2.15.3' ],
57 silly audit   'recharts-scale': [ '0.4.5' ],
57 silly audit   redent: [ '3.0.0' ],
57 silly audit   'strip-indent': [ '3.0.0' ],
57 silly audit   redis: [ '5.1.0' ],
57 silly audit   'redis-errors': [ '1.2.0' ],
57 silly audit   'redis-parser': [ '3.0.0' ],
57 silly audit   redux: [ '5.0.1' ],
57 silly audit   'reflect.getprototypeof': [ '1.0.10' ],
57 silly audit   'regexp.prototype.flags': [ '1.5.4' ],
57 silly audit   '@plotly/regl': [ '2.1.2' ],
57 silly audit   'regl-error2d': [ '2.0.12' ],
57 silly audit   'regl-line2d': [ '3.1.3' ],
57 silly audit   'regl-scatter2d': [ '3.3.1' ],
57 silly audit   'regl-splom': [ '1.0.14' ],
57 silly audit   'require-directory': [ '2.1.1' ],
57 silly audit   'require-from-string': [ '2.0.2' ],
57 silly audit   'requires-port': [ '1.0.0' ],
57 silly audit   'resolve-pkg-maps': [ '1.0.0' ],
57 silly audit   'resolve-protobuf-schema': [ '2.1.0' ],
57 silly audit   reusify: [ '1.1.0' ],
57 silly audit   'right-now': [ '1.0.0' ],
57 silly audit   rollup: [ '4.41.0' ],
57 silly audit   'run-parallel': [ '1.2.0' ],
57 silly audit   rw: [ '1.3.3' ],
57 silly audit   rxjs: [ '7.8.2' ],
57 silly audit   'safe-array-concat': [ '1.1.3' ],
57 silly audit   'safe-push-apply': [ '1.0.0' ],
57 silly audit   'safe-regex-test': [ '1.1.0' ],
57 silly audit   'safer-buffer': [ '2.1.2' ],
57 silly audit   sax: [ '1.4.1' ],
57 silly audit   saxes: [ '6.0.0' ],
57 silly audit   scheduler: [ '0.26.0' ],
57 silly audit   'set-function-length': [ '1.2.2' ],
57 silly audit   'set-function-name': [ '2.0.2' ],
57 silly audit   'set-proto': [ '1.0.0' ],
57 silly audit   'shallow-copy': [ '0.0.1' ],
57 silly audit   sharp: [ '0.33.5' ],
57 silly audit   'shebang-command': [ '2.0.0' ],
57 silly audit   'shebang-regex': [ '3.0.0' ],
57 silly audit   'shell-quote': [ '1.8.2' ],
57 silly audit   'side-channel': [ '1.1.0' ],
57 silly audit   'side-channel-list': [ '1.0.0' ],
57 silly audit   'side-channel-map': [ '1.0.1' ],
57 silly audit   'side-channel-weakmap': [ '1.0.2' ],
57 silly audit   siginfo: [ '2.0.0' ],
57 silly audit   'signal-exit': [ '4.1.0' ],
57 silly audit   signum: [ '1.0.0' ],
57 silly audit   'simple-swizzle': [ '0.2.2' ],
57 silly audit   'is-arrayish': [ '0.3.2' ],
57 silly audit   slash: [ '3.0.0' ],
57 silly audit   'socket.io-client': [ '4.8.1' ],
57 silly audit   'socket.io-parser': [ '4.2.4' ],
57 silly audit   'source-map-js': [ '1.2.1' ],
57 silly audit   'sparse-bitfield': [ '3.0.3' ],
57 silly audit   'stable-hash': [ '0.0.5' ],
57 silly audit   'stack-trace': [ '0.0.9' ],
57 silly audit   stackback: [ '0.0.2' ],
57 silly audit   'standard-as-callback': [ '2.1.0' ],
57 silly audit   'static-eval': [ '2.1.1' ],
57 silly audit   'std-env': [ '3.9.0' ],
57 silly audit   'stop-iteration-iterator': [ '1.1.0' ],
57 silly audit   'stream-parser': [ '0.3.1' ],
57 silly audit   'stream-shift': [ '1.0.3' ],
57 silly audit   streamsearch: [ '1.1.0' ],
57 silly audit   'string-split-by': [ '1.0.0' ],
57 silly audit   'string.prototype.includes': [ '2.0.1' ],
57 silly audit   'string.prototype.matchall': [ '4.0.12' ],
57 silly audit   'string.prototype.repeat': [ '1.0.0' ],
57 silly audit   'string.prototype.trim': [ '1.2.10' ],
57 silly audit   'string.prototype.trimend': [ '1.0.9' ],
57 silly audit   'string.prototype.trimstart': [ '1.0.8' ],
57 silly audit   'strip-bom': [ '3.0.0' ],
57 silly audit   'strip-json-comments': [ '3.1.1' ],
57 silly audit   'strip-literal': [ '2.1.1' ],
57 silly audit   'strongly-connected-components': [ '1.0.1' ],
57 silly audit   sucrase: [ '3.35.0' ],
57 silly audit   'superscript-text': [ '1.0.0' ],
57 silly audit   'supports-preserve-symlinks-flag': [ '1.0.0' ],
57 silly audit   'svg-arc-to-cubic-bezier': [ '3.2.0' ],
57 silly audit   'svg-path-bounds': [ '1.0.2' ],
57 silly audit   'svg-path-sdf': [ '1.1.3' ],
57 silly audit   'symbol-tree': [ '3.2.4' ],
57 silly audit   'tailwind-merge': [ '2.6.0' ],
57 silly audit   tailwindcss: [ '3.4.17' ],
57 silly audit   'tailwindcss-animate': [ '1.0.7' ],
57 silly audit   thenify: [ '3.3.1' ],
57 silly audit   'thenify-all': [ '1.6.0' ],
57 silly audit   'tiny-invariant': [ '1.3.3' ],
57 silly audit   tinybench: [ '2.9.0' ],
57 silly audit   tinycolor2: [ '1.6.0' ],
57 silly audit   tinyglobby: [ '0.2.13' ],
57 silly audit   tinypool: [ '0.8.4' ],
57 silly audit   tinyspy: [ '2.2.1' ],
57 silly audit   'to-float32': [ '1.1.0' ],
57 silly audit   'to-px': [ '1.0.1' ],
57 silly audit   'to-regex-range': [ '5.0.1' ],
57 silly audit   'topojson-client': [ '3.1.0' ],
57 silly audit   'tough-cookie': [ '4.1.4' ],
57 silly audit   universalify: [ '0.2.0' ],
57 silly audit   'tree-kill': [ '1.2.2' ],
57 silly audit   'ts-api-utils': [ '1.4.3' ],
57 silly audit   'ts-interface-checker': [ '0.1.13' ],
57 silly audit   type: [ '2.7.3' ],
57 silly audit   'type-check': [ '0.4.0' ],
57 silly audit   'type-detect': [ '4.1.0' ],
57 silly audit   'typed-array-buffer': [ '1.0.3' ],
57 silly audit   'typed-array-byte-length': [ '1.0.3' ],
57 silly audit   'typed-array-byte-offset': [ '1.0.4' ],
57 silly audit   'typed-array-length': [ '1.0.7' ],
57 silly audit   typedarray: [ '0.0.6' ],
57 silly audit   'typedarray-pool': [ '1.2.0' ],
57 silly audit   typescript: [ '5.8.3' ],
57 silly audit   ufo: [ '1.6.1' ],
57 silly audit   'unbox-primitive': [ '1.1.0' ],
57 silly audit   uncontrollable: [ '7.2.1' ],
57 silly audit   'undici-types': [ '6.19.8' ],
57 silly audit   unquote: [ '1.1.1' ],
57 silly audit   'unrs-resolver': [ '1.7.2' ],
57 silly audit   'update-browserslist-db': [ '1.1.3' ],
57 silly audit   'update-diff': [ '1.1.0' ],
57 silly audit   'uri-js': [ '4.4.1' ],
57 silly audit   'url-parse': [ '1.5.10' ],
57 silly audit   'use-callback-ref': [ '1.3.3' ],
57 silly audit   'use-debounce': [ '10.0.4' ],
57 silly audit   'use-sidecar': [ '1.1.3' ],
57 silly audit   'use-sync-external-store': [ '1.5.0' ],
57 silly audit   'util-deprecate': [ '1.0.2' ],
57 silly audit   'victory-vendor': [ '36.9.2' ],
57 silly audit   vite: [ '5.4.19' ],
57 silly audit   'vite-node': [ '1.6.1' ],
57 silly audit   '@esbuild/android-arm': [ '0.21.5' ],
57 silly audit   '@esbuild/android-arm64': [ '0.21.5' ],
57 silly audit   '@esbuild/android-x64': [ '0.21.5' ],
57 silly audit   '@esbuild/darwin-arm64': [ '0.21.5' ],
57 silly audit   '@esbuild/darwin-x64': [ '0.21.5' ],
57 silly audit   '@esbuild/freebsd-arm64': [ '0.21.5' ],
57 silly audit   '@esbuild/freebsd-x64': [ '0.21.5' ],
57 silly audit   '@esbuild/linux-arm': [ '0.21.5' ],
57 silly audit   '@esbuild/linux-arm64': [ '0.21.5' ],
57 silly audit   '@esbuild/linux-ia32': [ '0.21.5' ],
57 silly audit   '@esbuild/linux-loong64': [ '0.21.5' ],
57 silly audit   '@esbuild/linux-mips64el': [ '0.21.5' ],
57 silly audit   '@esbuild/linux-ppc64': [ '0.21.5' ],
57 silly audit   '@esbuild/linux-riscv64': [ '0.21.5' ],
57 silly audit   '@esbuild/linux-s390x': [ '0.21.5' ],
57 silly audit   '@esbuild/linux-x64': [ '0.21.5' ],
57 silly audit   '@esbuild/netbsd-x64': [ '0.21.5' ],
57 silly audit   '@esbuild/openbsd-x64': [ '0.21.5' ],
57 silly audit   '@esbuild/sunos-x64': [ '0.21.5' ],
57 silly audit   '@esbuild/win32-arm64': [ '0.21.5' ],
57 silly audit   '@esbuild/win32-ia32': [ '0.21.5' ],
57 silly audit   '@esbuild/win32-x64': [ '0.21.5' ],
57 silly audit   esbuild: [ '0.21.5' ],
57 silly audit   vitest: [ '1.6.1' ],
57 silly audit   'acorn-walk': [ '8.3.4' ],
57 silly audit   execa: [ '8.0.1' ],
57 silly audit   'human-signals': [ '5.0.0' ],
57 silly audit   'is-stream': [ '3.0.0' ],
57 silly audit   'mimic-fn': [ '4.0.0' ],
57 silly audit   'npm-run-path': [ '5.3.0' ],
57 silly audit   onetime: [ '6.0.0' ],
57 silly audit   'strip-final-newline': [ '3.0.0' ],
57 silly audit   'vt-pbf': [ '3.1.3' ],
57 silly audit   'w3c-xmlserializer': [ '5.0.0' ],
57 silly audit   warning: [ '4.0.3' ],
57 silly audit   'weak-map': [ '1.0.8' ],
57 silly audit   'webgl-context': [ '2.2.0' ],
57 silly audit   'whatwg-encoding': [ '3.1.1' ],
57 silly audit   'whatwg-mimetype': [ '4.0.0' ],
57 silly audit   'which-boxed-primitive': [ '1.1.1' ],
57 silly audit   'which-builtin-type': [ '1.2.1' ],
57 silly audit   'which-collection': [ '1.0.2' ],
57 silly audit   'which-typed-array': [ '1.1.19' ],
57 silly audit   'why-is-node-running': [ '2.3.0' ],
57 silly audit   'word-wrap': [ '1.2.5' ],
57 silly audit   'world-calendars': [ '1.0.3' ],
57 silly audit   wrappy: [ '1.0.2' ],
57 silly audit   'xml-name-validator': [ '5.0.0' ],
57 silly audit   xmlchars: [ '2.2.0' ],
57 silly audit   'xmlhttprequest-ssl': [ '2.1.2' ],
57 silly audit   y18n: [ '5.0.8' ],
57 silly audit   yallist: [ '3.1.1' ],
57 silly audit   yargs: [ '17.7.2' ],
57 silly audit   'yargs-parser': [ '21.1.1' ],
57 silly audit   zod: [ '3.25.28' ],
57 silly audit   zustand: [ '5.0.5' ],
57 silly audit   '@types/uuid': [ '10.0.0' ],
57 silly audit   uuid: [ '11.1.0' ]
57 silly audit }
58 verbose reify failed optional dependency /home/anthony/cival-dashboard/node_modules/fsevents
59 silly reify mark deleted [ '/home/anthony/cival-dashboard/node_modules/fsevents' ]
60 verbose reify failed optional dependency /home/anthony/cival-dashboard/node_modules/@unrs/resolver-binding-win32-x64-msvc
61 silly reify mark deleted [
61 silly reify   '/home/anthony/cival-dashboard/node_modules/@unrs/resolver-binding-win32-x64-msvc'
61 silly reify ]
62 verbose reify failed optional dependency /home/anthony/cival-dashboard/node_modules/@unrs/resolver-binding-win32-ia32-msvc
63 silly reify mark deleted [
63 silly reify   '/home/anthony/cival-dashboard/node_modules/@unrs/resolver-binding-win32-ia32-msvc'
63 silly reify ]
64 verbose reify failed optional dependency /home/anthony/cival-dashboard/node_modules/@unrs/resolver-binding-win32-arm64-msvc
65 silly reify mark deleted [
65 silly reify   '/home/anthony/cival-dashboard/node_modules/@unrs/resolver-binding-win32-arm64-msvc'
65 silly reify ]
66 verbose reify failed optional dependency /home/anthony/cival-dashboard/node_modules/@unrs/resolver-binding-wasm32-wasi
67 silly reify mark deleted [
67 silly reify   '/home/anthony/cival-dashboard/node_modules/@unrs/resolver-binding-wasm32-wasi'
67 silly reify ]
68 verbose reify failed optional dependency /home/anthony/cival-dashboard/node_modules/@napi-rs/wasm-runtime
69 silly reify mark deleted [ '/home/anthony/cival-dashboard/node_modules/@napi-rs/wasm-runtime' ]
70 verbose reify failed optional dependency /home/anthony/cival-dashboard/node_modules/@emnapi/core
71 silly reify mark deleted [ '/home/anthony/cival-dashboard/node_modules/@emnapi/core' ]
72 verbose reify failed optional dependency /home/anthony/cival-dashboard/node_modules/@tybys/wasm-util
73 silly reify mark deleted [ '/home/anthony/cival-dashboard/node_modules/@tybys/wasm-util' ]
74 verbose reify failed optional dependency /home/anthony/cival-dashboard/node_modules/@emnapi/wasi-threads
75 silly reify mark deleted [ '/home/anthony/cival-dashboard/node_modules/@emnapi/wasi-threads' ]
76 verbose reify failed optional dependency /home/anthony/cival-dashboard/node_modules/@unrs/resolver-binding-linux-s390x-gnu
77 silly reify mark deleted [
77 silly reify   '/home/anthony/cival-dashboard/node_modules/@unrs/resolver-binding-linux-s390x-gnu'
77 silly reify ]
78 verbose reify failed optional dependency /home/anthony/cival-dashboard/node_modules/@unrs/resolver-binding-linux-riscv64-musl
79 silly reify mark deleted [
79 silly reify   '/home/anthony/cival-dashboard/node_modules/@unrs/resolver-binding-linux-riscv64-musl'
79 silly reify ]
80 verbose reify failed optional dependency /home/anthony/cival-dashboard/node_modules/@unrs/resolver-binding-linux-riscv64-gnu
81 silly reify mark deleted [
81 silly reify   '/home/anthony/cival-dashboard/node_modules/@unrs/resolver-binding-linux-riscv64-gnu'
81 silly reify ]
82 verbose reify failed optional dependency /home/anthony/cival-dashboard/node_modules/@unrs/resolver-binding-linux-ppc64-gnu
83 silly reify mark deleted [
83 silly reify   '/home/anthony/cival-dashboard/node_modules/@unrs/resolver-binding-linux-ppc64-gnu'
83 silly reify ]
84 verbose reify failed optional dependency /home/anthony/cival-dashboard/node_modules/@unrs/resolver-binding-linux-arm64-musl
85 silly reify mark deleted [
85 silly reify   '/home/anthony/cival-dashboard/node_modules/@unrs/resolver-binding-linux-arm64-musl'
85 silly reify ]
86 verbose reify failed optional dependency /home/anthony/cival-dashboard/node_modules/@unrs/resolver-binding-linux-arm64-gnu
87 silly reify mark deleted [
87 silly reify   '/home/anthony/cival-dashboard/node_modules/@unrs/resolver-binding-linux-arm64-gnu'
87 silly reify ]
88 verbose reify failed optional dependency /home/anthony/cival-dashboard/node_modules/@unrs/resolver-binding-linux-arm-musleabihf
89 silly reify mark deleted [
89 silly reify   '/home/anthony/cival-dashboard/node_modules/@unrs/resolver-binding-linux-arm-musleabihf'
89 silly reify ]
90 verbose reify failed optional dependency /home/anthony/cival-dashboard/node_modules/@unrs/resolver-binding-linux-arm-gnueabihf
91 silly reify mark deleted [
91 silly reify   '/home/anthony/cival-dashboard/node_modules/@unrs/resolver-binding-linux-arm-gnueabihf'
91 silly reify ]
92 verbose reify failed optional dependency /home/anthony/cival-dashboard/node_modules/@unrs/resolver-binding-freebsd-x64
93 silly reify mark deleted [
93 silly reify   '/home/anthony/cival-dashboard/node_modules/@unrs/resolver-binding-freebsd-x64'
93 silly reify ]
94 verbose reify failed optional dependency /home/anthony/cival-dashboard/node_modules/@unrs/resolver-binding-darwin-x64
95 silly reify mark deleted [
95 silly reify   '/home/anthony/cival-dashboard/node_modules/@unrs/resolver-binding-darwin-x64'
95 silly reify ]
96 verbose reify failed optional dependency /home/anthony/cival-dashboard/node_modules/@unrs/resolver-binding-darwin-arm64
97 silly reify mark deleted [
97 silly reify   '/home/anthony/cival-dashboard/node_modules/@unrs/resolver-binding-darwin-arm64'
97 silly reify ]
98 verbose reify failed optional dependency /home/anthony/cival-dashboard/node_modules/@rollup/rollup-win32-x64-msvc
99 silly reify mark deleted [
99 silly reify   '/home/anthony/cival-dashboard/node_modules/@rollup/rollup-win32-x64-msvc'
99 silly reify ]
100 verbose reify failed optional dependency /home/anthony/cival-dashboard/node_modules/@rollup/rollup-win32-ia32-msvc
101 silly reify mark deleted [
101 silly reify   '/home/anthony/cival-dashboard/node_modules/@rollup/rollup-win32-ia32-msvc'
101 silly reify ]
102 verbose reify failed optional dependency /home/anthony/cival-dashboard/node_modules/@rollup/rollup-win32-arm64-msvc
103 silly reify mark deleted [
103 silly reify   '/home/anthony/cival-dashboard/node_modules/@rollup/rollup-win32-arm64-msvc'
103 silly reify ]
104 verbose reify failed optional dependency /home/anthony/cival-dashboard/node_modules/@rollup/rollup-linux-s390x-gnu
105 silly reify mark deleted [
105 silly reify   '/home/anthony/cival-dashboard/node_modules/@rollup/rollup-linux-s390x-gnu'
105 silly reify ]
106 verbose reify failed optional dependency /home/anthony/cival-dashboard/node_modules/@rollup/rollup-linux-riscv64-musl
107 silly reify mark deleted [
107 silly reify   '/home/anthony/cival-dashboard/node_modules/@rollup/rollup-linux-riscv64-musl'
107 silly reify ]
108 verbose reify failed optional dependency /home/anthony/cival-dashboard/node_modules/@rollup/rollup-linux-riscv64-gnu
109 silly reify mark deleted [
109 silly reify   '/home/anthony/cival-dashboard/node_modules/@rollup/rollup-linux-riscv64-gnu'
109 silly reify ]
110 verbose reify failed optional dependency /home/anthony/cival-dashboard/node_modules/@rollup/rollup-linux-powerpc64le-gnu
111 silly reify mark deleted [
111 silly reify   '/home/anthony/cival-dashboard/node_modules/@rollup/rollup-linux-powerpc64le-gnu'
111 silly reify ]
112 verbose reify failed optional dependency /home/anthony/cival-dashboard/node_modules/@rollup/rollup-linux-loongarch64-gnu
113 silly reify mark deleted [
113 silly reify   '/home/anthony/cival-dashboard/node_modules/@rollup/rollup-linux-loongarch64-gnu'
113 silly reify ]
114 verbose reify failed optional dependency /home/anthony/cival-dashboard/node_modules/@rollup/rollup-linux-arm64-musl
115 silly reify mark deleted [
115 silly reify   '/home/anthony/cival-dashboard/node_modules/@rollup/rollup-linux-arm64-musl'
115 silly reify ]
116 verbose reify failed optional dependency /home/anthony/cival-dashboard/node_modules/@rollup/rollup-linux-arm64-gnu
117 silly reify mark deleted [
117 silly reify   '/home/anthony/cival-dashboard/node_modules/@rollup/rollup-linux-arm64-gnu'
117 silly reify ]
118 verbose reify failed optional dependency /home/anthony/cival-dashboard/node_modules/@rollup/rollup-linux-arm-musleabihf
119 silly reify mark deleted [
119 silly reify   '/home/anthony/cival-dashboard/node_modules/@rollup/rollup-linux-arm-musleabihf'
119 silly reify ]
120 verbose reify failed optional dependency /home/anthony/cival-dashboard/node_modules/@rollup/rollup-linux-arm-gnueabihf
121 silly reify mark deleted [
121 silly reify   '/home/anthony/cival-dashboard/node_modules/@rollup/rollup-linux-arm-gnueabihf'
121 silly reify ]
122 verbose reify failed optional dependency /home/anthony/cival-dashboard/node_modules/@rollup/rollup-freebsd-x64
123 silly reify mark deleted [
123 silly reify   '/home/anthony/cival-dashboard/node_modules/@rollup/rollup-freebsd-x64'
123 silly reify ]
124 verbose reify failed optional dependency /home/anthony/cival-dashboard/node_modules/@rollup/rollup-freebsd-arm64
125 silly reify mark deleted [
125 silly reify   '/home/anthony/cival-dashboard/node_modules/@rollup/rollup-freebsd-arm64'
125 silly reify ]
126 verbose reify failed optional dependency /home/anthony/cival-dashboard/node_modules/@rollup/rollup-darwin-x64
127 silly reify mark deleted [
127 silly reify   '/home/anthony/cival-dashboard/node_modules/@rollup/rollup-darwin-x64'
127 silly reify ]
128 verbose reify failed optional dependency /home/anthony/cival-dashboard/node_modules/@rollup/rollup-darwin-arm64
129 silly reify mark deleted [
129 silly reify   '/home/anthony/cival-dashboard/node_modules/@rollup/rollup-darwin-arm64'
129 silly reify ]
130 verbose reify failed optional dependency /home/anthony/cival-dashboard/node_modules/@rollup/rollup-android-arm64
131 silly reify mark deleted [
131 silly reify   '/home/anthony/cival-dashboard/node_modules/@rollup/rollup-android-arm64'
131 silly reify ]
132 verbose reify failed optional dependency /home/anthony/cival-dashboard/node_modules/@rollup/rollup-android-arm-eabi
133 silly reify mark deleted [
133 silly reify   '/home/anthony/cival-dashboard/node_modules/@rollup/rollup-android-arm-eabi'
133 silly reify ]
134 verbose reify failed optional dependency /home/anthony/cival-dashboard/node_modules/@next/swc-win32-x64-msvc
135 silly reify mark deleted [
135 silly reify   '/home/anthony/cival-dashboard/node_modules/@next/swc-win32-x64-msvc'
135 silly reify ]
136 verbose reify failed optional dependency /home/anthony/cival-dashboard/node_modules/@next/swc-win32-arm64-msvc
137 silly reify mark deleted [
137 silly reify   '/home/anthony/cival-dashboard/node_modules/@next/swc-win32-arm64-msvc'
137 silly reify ]
138 verbose reify failed optional dependency /home/anthony/cival-dashboard/node_modules/@next/swc-linux-arm64-musl
139 silly reify mark deleted [
139 silly reify   '/home/anthony/cival-dashboard/node_modules/@next/swc-linux-arm64-musl'
139 silly reify ]
140 verbose reify failed optional dependency /home/anthony/cival-dashboard/node_modules/@next/swc-linux-arm64-gnu
141 silly reify mark deleted [
141 silly reify   '/home/anthony/cival-dashboard/node_modules/@next/swc-linux-arm64-gnu'
141 silly reify ]
142 verbose reify failed optional dependency /home/anthony/cival-dashboard/node_modules/@next/swc-darwin-x64
143 silly reify mark deleted [ '/home/anthony/cival-dashboard/node_modules/@next/swc-darwin-x64' ]
144 verbose reify failed optional dependency /home/anthony/cival-dashboard/node_modules/@next/swc-darwin-arm64
145 silly reify mark deleted [ '/home/anthony/cival-dashboard/node_modules/@next/swc-darwin-arm64' ]
146 verbose reify failed optional dependency /home/anthony/cival-dashboard/node_modules/@img/sharp-win32-x64
147 silly reify mark deleted [ '/home/anthony/cival-dashboard/node_modules/@img/sharp-win32-x64' ]
148 verbose reify failed optional dependency /home/anthony/cival-dashboard/node_modules/@img/sharp-win32-ia32
149 silly reify mark deleted [ '/home/anthony/cival-dashboard/node_modules/@img/sharp-win32-ia32' ]
150 verbose reify failed optional dependency /home/anthony/cival-dashboard/node_modules/@img/sharp-wasm32
151 silly reify mark deleted [ '/home/anthony/cival-dashboard/node_modules/@img/sharp-wasm32' ]
152 verbose reify failed optional dependency /home/anthony/cival-dashboard/node_modules/@img/sharp-linuxmusl-arm64
153 silly reify mark deleted [
153 silly reify   '/home/anthony/cival-dashboard/node_modules/@img/sharp-linuxmusl-arm64'
153 silly reify ]
154 verbose reify failed optional dependency /home/anthony/cival-dashboard/node_modules/@img/sharp-linux-s390x
155 silly reify mark deleted [ '/home/anthony/cival-dashboard/node_modules/@img/sharp-linux-s390x' ]
156 verbose reify failed optional dependency /home/anthony/cival-dashboard/node_modules/@img/sharp-linux-arm64
157 silly reify mark deleted [ '/home/anthony/cival-dashboard/node_modules/@img/sharp-linux-arm64' ]
158 verbose reify failed optional dependency /home/anthony/cival-dashboard/node_modules/@img/sharp-linux-arm
159 silly reify mark deleted [ '/home/anthony/cival-dashboard/node_modules/@img/sharp-linux-arm' ]
160 verbose reify failed optional dependency /home/anthony/cival-dashboard/node_modules/@img/sharp-libvips-linuxmusl-arm64
161 silly reify mark deleted [
161 silly reify   '/home/anthony/cival-dashboard/node_modules/@img/sharp-libvips-linuxmusl-arm64'
161 silly reify ]
162 verbose reify failed optional dependency /home/anthony/cival-dashboard/node_modules/@img/sharp-libvips-linux-s390x
163 silly reify mark deleted [
163 silly reify   '/home/anthony/cival-dashboard/node_modules/@img/sharp-libvips-linux-s390x'
163 silly reify ]
164 verbose reify failed optional dependency /home/anthony/cival-dashboard/node_modules/@img/sharp-libvips-linux-arm64
165 silly reify mark deleted [
165 silly reify   '/home/anthony/cival-dashboard/node_modules/@img/sharp-libvips-linux-arm64'
165 silly reify ]
166 verbose reify failed optional dependency /home/anthony/cival-dashboard/node_modules/@img/sharp-libvips-linux-arm
167 silly reify mark deleted [
167 silly reify   '/home/anthony/cival-dashboard/node_modules/@img/sharp-libvips-linux-arm'
167 silly reify ]
168 verbose reify failed optional dependency /home/anthony/cival-dashboard/node_modules/@img/sharp-libvips-darwin-x64
169 silly reify mark deleted [
169 silly reify   '/home/anthony/cival-dashboard/node_modules/@img/sharp-libvips-darwin-x64'
169 silly reify ]
170 verbose reify failed optional dependency /home/anthony/cival-dashboard/node_modules/@img/sharp-libvips-darwin-arm64
171 silly reify mark deleted [
171 silly reify   '/home/anthony/cival-dashboard/node_modules/@img/sharp-libvips-darwin-arm64'
171 silly reify ]
172 verbose reify failed optional dependency /home/anthony/cival-dashboard/node_modules/@img/sharp-darwin-x64
173 silly reify mark deleted [ '/home/anthony/cival-dashboard/node_modules/@img/sharp-darwin-x64' ]
174 verbose reify failed optional dependency /home/anthony/cival-dashboard/node_modules/@img/sharp-darwin-arm64
175 silly reify mark deleted [
175 silly reify   '/home/anthony/cival-dashboard/node_modules/@img/sharp-darwin-arm64'
175 silly reify ]
176 verbose reify failed optional dependency /home/anthony/cival-dashboard/node_modules/@esbuild/aix-ppc64
177 silly reify mark deleted [ '/home/anthony/cival-dashboard/node_modules/@esbuild/aix-ppc64' ]
178 verbose reify failed optional dependency /home/anthony/cival-dashboard/node_modules/vite/node_modules/@esbuild/win32-x64
179 silly reify mark deleted [
179 silly reify   '/home/anthony/cival-dashboard/node_modules/vite/node_modules/@esbuild/win32-x64'
179 silly reify ]
180 verbose reify failed optional dependency /home/anthony/cival-dashboard/node_modules/vite/node_modules/@esbuild/win32-ia32
181 silly reify mark deleted [
181 silly reify   '/home/anthony/cival-dashboard/node_modules/vite/node_modules/@esbuild/win32-ia32'
181 silly reify ]
182 verbose reify failed optional dependency /home/anthony/cival-dashboard/node_modules/vite/node_modules/@esbuild/win32-arm64
183 silly reify mark deleted [
183 silly reify   '/home/anthony/cival-dashboard/node_modules/vite/node_modules/@esbuild/win32-arm64'
183 silly reify ]
184 verbose reify failed optional dependency /home/anthony/cival-dashboard/node_modules/vite/node_modules/@esbuild/sunos-x64
185 silly reify mark deleted [
185 silly reify   '/home/anthony/cival-dashboard/node_modules/vite/node_modules/@esbuild/sunos-x64'
185 silly reify ]
186 verbose reify failed optional dependency /home/anthony/cival-dashboard/node_modules/vite/node_modules/@esbuild/openbsd-x64
187 silly reify mark deleted [
187 silly reify   '/home/anthony/cival-dashboard/node_modules/vite/node_modules/@esbuild/openbsd-x64'
187 silly reify ]
188 verbose reify failed optional dependency /home/anthony/cival-dashboard/node_modules/vite/node_modules/@esbuild/netbsd-x64
189 silly reify mark deleted [
189 silly reify   '/home/anthony/cival-dashboard/node_modules/vite/node_modules/@esbuild/netbsd-x64'
189 silly reify ]
190 verbose reify failed optional dependency /home/anthony/cival-dashboard/node_modules/vite/node_modules/@esbuild/linux-s390x
191 silly reify mark deleted [
191 silly reify   '/home/anthony/cival-dashboard/node_modules/vite/node_modules/@esbuild/linux-s390x'
191 silly reify ]
192 verbose reify failed optional dependency /home/anthony/cival-dashboard/node_modules/vite/node_modules/@esbuild/linux-riscv64
193 silly reify mark deleted [
193 silly reify   '/home/anthony/cival-dashboard/node_modules/vite/node_modules/@esbuild/linux-riscv64'
193 silly reify ]
194 verbose reify failed optional dependency /home/anthony/cival-dashboard/node_modules/vite/node_modules/@esbuild/linux-ppc64
195 silly reify mark deleted [
195 silly reify   '/home/anthony/cival-dashboard/node_modules/vite/node_modules/@esbuild/linux-ppc64'
195 silly reify ]
196 verbose reify failed optional dependency /home/anthony/cival-dashboard/node_modules/vite/node_modules/@esbuild/linux-mips64el
197 silly reify mark deleted [
197 silly reify   '/home/anthony/cival-dashboard/node_modules/vite/node_modules/@esbuild/linux-mips64el'
197 silly reify ]
198 verbose reify failed optional dependency /home/anthony/cival-dashboard/node_modules/vite/node_modules/@esbuild/linux-loong64
199 silly reify mark deleted [
199 silly reify   '/home/anthony/cival-dashboard/node_modules/vite/node_modules/@esbuild/linux-loong64'
199 silly reify ]
200 verbose reify failed optional dependency /home/anthony/cival-dashboard/node_modules/vite/node_modules/@esbuild/linux-ia32
201 silly reify mark deleted [
201 silly reify   '/home/anthony/cival-dashboard/node_modules/vite/node_modules/@esbuild/linux-ia32'
201 silly reify ]
202 verbose reify failed optional dependency /home/anthony/cival-dashboard/node_modules/vite/node_modules/@esbuild/linux-arm64
203 silly reify mark deleted [
203 silly reify   '/home/anthony/cival-dashboard/node_modules/vite/node_modules/@esbuild/linux-arm64'
203 silly reify ]
204 verbose reify failed optional dependency /home/anthony/cival-dashboard/node_modules/vite/node_modules/@esbuild/linux-arm
205 silly reify mark deleted [
205 silly reify   '/home/anthony/cival-dashboard/node_modules/vite/node_modules/@esbuild/linux-arm'
205 silly reify ]
206 verbose reify failed optional dependency /home/anthony/cival-dashboard/node_modules/vite/node_modules/@esbuild/freebsd-x64
207 silly reify mark deleted [
207 silly reify   '/home/anthony/cival-dashboard/node_modules/vite/node_modules/@esbuild/freebsd-x64'
207 silly reify ]
208 verbose reify failed optional dependency /home/anthony/cival-dashboard/node_modules/vite/node_modules/@esbuild/freebsd-arm64
209 silly reify mark deleted [
209 silly reify   '/home/anthony/cival-dashboard/node_modules/vite/node_modules/@esbuild/freebsd-arm64'
209 silly reify ]
210 verbose reify failed optional dependency /home/anthony/cival-dashboard/node_modules/vite/node_modules/@esbuild/darwin-x64
211 silly reify mark deleted [
211 silly reify   '/home/anthony/cival-dashboard/node_modules/vite/node_modules/@esbuild/darwin-x64'
211 silly reify ]
212 verbose reify failed optional dependency /home/anthony/cival-dashboard/node_modules/vite/node_modules/@esbuild/darwin-arm64
213 silly reify mark deleted [
213 silly reify   '/home/anthony/cival-dashboard/node_modules/vite/node_modules/@esbuild/darwin-arm64'
213 silly reify ]
214 verbose reify failed optional dependency /home/anthony/cival-dashboard/node_modules/vite/node_modules/@esbuild/android-x64
215 silly reify mark deleted [
215 silly reify   '/home/anthony/cival-dashboard/node_modules/vite/node_modules/@esbuild/android-x64'
215 silly reify ]
216 verbose reify failed optional dependency /home/anthony/cival-dashboard/node_modules/vite/node_modules/@esbuild/android-arm64
217 silly reify mark deleted [
217 silly reify   '/home/anthony/cival-dashboard/node_modules/vite/node_modules/@esbuild/android-arm64'
217 silly reify ]
218 verbose reify failed optional dependency /home/anthony/cival-dashboard/node_modules/vite/node_modules/@esbuild/android-arm
219 silly reify mark deleted [
219 silly reify   '/home/anthony/cival-dashboard/node_modules/vite/node_modules/@esbuild/android-arm'
219 silly reify ]
220 verbose reify failed optional dependency /home/anthony/cival-dashboard/node_modules/playwright/node_modules/fsevents
221 silly reify mark deleted [
221 silly reify   '/home/anthony/cival-dashboard/node_modules/playwright/node_modules/fsevents'
221 silly reify ]
222 timing reifyNode:node_modules/fsevents Completed in 9ms
223 timing reifyNode:node_modules/@unrs/resolver-binding-win32-x64-msvc Completed in 9ms
224 timing reifyNode:node_modules/@unrs/resolver-binding-win32-ia32-msvc Completed in 9ms
225 timing reifyNode:node_modules/@unrs/resolver-binding-win32-arm64-msvc Completed in 9ms
226 timing reifyNode:node_modules/@unrs/resolver-binding-wasm32-wasi Completed in 9ms
227 timing reifyNode:node_modules/@unrs/resolver-binding-linux-s390x-gnu Completed in 9ms
228 timing reifyNode:node_modules/@unrs/resolver-binding-linux-riscv64-musl Completed in 9ms
229 timing reifyNode:node_modules/@unrs/resolver-binding-linux-riscv64-gnu Completed in 9ms
230 timing reifyNode:node_modules/@unrs/resolver-binding-linux-ppc64-gnu Completed in 9ms
231 timing reifyNode:node_modules/@unrs/resolver-binding-linux-arm64-musl Completed in 9ms
232 timing reifyNode:node_modules/@unrs/resolver-binding-linux-arm64-gnu Completed in 9ms
233 timing reifyNode:node_modules/@unrs/resolver-binding-linux-arm-musleabihf Completed in 9ms
234 timing reifyNode:node_modules/@unrs/resolver-binding-linux-arm-gnueabihf Completed in 9ms
235 timing reifyNode:node_modules/@unrs/resolver-binding-freebsd-x64 Completed in 9ms
236 timing reifyNode:node_modules/@unrs/resolver-binding-darwin-x64 Completed in 10ms
237 timing reifyNode:node_modules/@unrs/resolver-binding-darwin-arm64 Completed in 10ms
238 timing reifyNode:node_modules/@rollup/rollup-win32-x64-msvc Completed in 10ms
239 timing reifyNode:node_modules/@rollup/rollup-win32-ia32-msvc Completed in 10ms
240 timing reifyNode:node_modules/@rollup/rollup-win32-arm64-msvc Completed in 10ms
241 timing reifyNode:node_modules/@rollup/rollup-linux-s390x-gnu Completed in 10ms
242 timing reifyNode:node_modules/@rollup/rollup-linux-riscv64-musl Completed in 10ms
243 timing reifyNode:node_modules/@rollup/rollup-linux-riscv64-gnu Completed in 10ms
244 timing reifyNode:node_modules/@rollup/rollup-linux-powerpc64le-gnu Completed in 10ms
245 timing reifyNode:node_modules/@rollup/rollup-linux-loongarch64-gnu Completed in 10ms
246 timing reifyNode:node_modules/@rollup/rollup-linux-arm64-musl Completed in 10ms
247 timing reifyNode:node_modules/@rollup/rollup-linux-arm64-gnu Completed in 10ms
248 timing reifyNode:node_modules/@rollup/rollup-linux-arm-musleabihf Completed in 10ms
249 timing reifyNode:node_modules/@rollup/rollup-linux-arm-gnueabihf Completed in 10ms
250 timing reifyNode:node_modules/@rollup/rollup-freebsd-x64 Completed in 10ms
251 timing reifyNode:node_modules/@rollup/rollup-freebsd-arm64 Completed in 10ms
252 timing reifyNode:node_modules/@rollup/rollup-darwin-x64 Completed in 10ms
253 timing reifyNode:node_modules/@rollup/rollup-darwin-arm64 Completed in 10ms
254 timing reifyNode:node_modules/@rollup/rollup-android-arm64 Completed in 10ms
255 timing reifyNode:node_modules/@rollup/rollup-android-arm-eabi Completed in 10ms
256 timing reifyNode:node_modules/@next/swc-win32-x64-msvc Completed in 10ms
257 timing reifyNode:node_modules/@next/swc-win32-arm64-msvc Completed in 10ms
258 timing reifyNode:node_modules/@next/swc-linux-arm64-musl Completed in 10ms
259 timing reifyNode:node_modules/@next/swc-linux-arm64-gnu Completed in 10ms
260 timing reifyNode:node_modules/@next/swc-darwin-x64 Completed in 10ms
261 timing reifyNode:node_modules/@next/swc-darwin-arm64 Completed in 10ms
262 timing reifyNode:node_modules/@img/sharp-win32-x64 Completed in 9ms
263 timing reifyNode:node_modules/@img/sharp-win32-ia32 Completed in 9ms
264 timing reifyNode:node_modules/@img/sharp-wasm32 Completed in 9ms
265 timing reifyNode:node_modules/@img/sharp-linuxmusl-arm64 Completed in 9ms
266 timing reifyNode:node_modules/@img/sharp-linux-s390x Completed in 9ms
267 timing reifyNode:node_modules/@img/sharp-linux-arm64 Completed in 9ms
268 timing reifyNode:node_modules/@img/sharp-linux-arm Completed in 9ms
269 timing reifyNode:node_modules/@img/sharp-libvips-linuxmusl-arm64 Completed in 9ms
270 timing reifyNode:node_modules/@img/sharp-libvips-linux-s390x Completed in 9ms
271 timing reifyNode:node_modules/@img/sharp-libvips-linux-arm64 Completed in 9ms
272 timing reifyNode:node_modules/@img/sharp-libvips-linux-arm Completed in 9ms
273 timing reifyNode:node_modules/@img/sharp-libvips-darwin-x64 Completed in 9ms
274 timing reifyNode:node_modules/@img/sharp-libvips-darwin-arm64 Completed in 9ms
275 timing reifyNode:node_modules/@img/sharp-darwin-x64 Completed in 9ms
276 timing reifyNode:node_modules/@img/sharp-darwin-arm64 Completed in 9ms
277 timing reifyNode:node_modules/@esbuild/aix-ppc64 Completed in 9ms
278 timing reifyNode:node_modules/vite/node_modules/@esbuild/win32-x64 Completed in 9ms
279 timing reifyNode:node_modules/vite/node_modules/@esbuild/win32-ia32 Completed in 10ms
280 timing reifyNode:node_modules/vite/node_modules/@esbuild/win32-arm64 Completed in 10ms
281 timing reifyNode:node_modules/vite/node_modules/@esbuild/sunos-x64 Completed in 10ms
282 timing reifyNode:node_modules/vite/node_modules/@esbuild/openbsd-x64 Completed in 10ms
283 timing reifyNode:node_modules/vite/node_modules/@esbuild/netbsd-x64 Completed in 10ms
284 timing reifyNode:node_modules/vite/node_modules/@esbuild/linux-s390x Completed in 10ms
285 timing reifyNode:node_modules/vite/node_modules/@esbuild/linux-riscv64 Completed in 10ms
286 timing reifyNode:node_modules/vite/node_modules/@esbuild/linux-ppc64 Completed in 10ms
287 timing reifyNode:node_modules/vite/node_modules/@esbuild/linux-mips64el Completed in 10ms
288 timing reifyNode:node_modules/vite/node_modules/@esbuild/linux-loong64 Completed in 10ms
289 timing reifyNode:node_modules/vite/node_modules/@esbuild/linux-ia32 Completed in 10ms
290 timing reifyNode:node_modules/vite/node_modules/@esbuild/linux-arm64 Completed in 10ms
291 timing reifyNode:node_modules/vite/node_modules/@esbuild/linux-arm Completed in 10ms
292 timing reifyNode:node_modules/vite/node_modules/@esbuild/freebsd-x64 Completed in 10ms
293 timing reifyNode:node_modules/vite/node_modules/@esbuild/freebsd-arm64 Completed in 10ms
294 timing reifyNode:node_modules/vite/node_modules/@esbuild/darwin-x64 Completed in 10ms
295 timing reifyNode:node_modules/vite/node_modules/@esbuild/darwin-arm64 Completed in 10ms
296 timing reifyNode:node_modules/vite/node_modules/@esbuild/android-x64 Completed in 10ms
297 timing reifyNode:node_modules/vite/node_modules/@esbuild/android-arm64 Completed in 10ms
298 timing reifyNode:node_modules/vite/node_modules/@esbuild/android-arm Completed in 10ms
299 timing reifyNode:node_modules/playwright/node_modules/fsevents Completed in 10ms
300 silly tarball no local data for uuid@https://registry.npmjs.org/uuid/-/uuid-11.1.0.tgz. Extracting by manifest.
301 silly tarball no local data for @types/uuid@https://registry.npmjs.org/@types/uuid/-/uuid-10.0.0.tgz. Extracting by manifest.
302 timing reifyNode:node_modules/@emnapi/wasi-threads Completed in 53ms
303 timing reifyNode:node_modules/@tybys/wasm-util Completed in 59ms
304 timing reifyNode:node_modules/@emnapi/core Completed in 59ms
305 timing reifyNode:node_modules/@napi-rs/wasm-runtime Completed in 75ms
306 http fetch POST 200 https://registry.npmjs.org/-/npm/v1/security/advisories/bulk 86ms
307 timing auditReport:getReport Completed in 95ms
308 silly audit report {
308 silly audit report   'brace-expansion': [
308 silly audit report     {
308 silly audit report       id: 1105443,
308 silly audit report       url: 'https://github.com/advisories/GHSA-v6h2-p8h4-qcjw',
308 silly audit report       title: 'brace-expansion Regular Expression Denial of Service vulnerability',
308 silly audit report       severity: 'low',
308 silly audit report       vulnerable_versions: '>=1.0.0 <=1.1.11',
308 silly audit report       cwe: [Array],
308 silly audit report       cvss: [Object]
308 silly audit report     },
308 silly audit report     {
308 silly audit report       id: 1105444,
308 silly audit report       url: 'https://github.com/advisories/GHSA-v6h2-p8h4-qcjw',
308 silly audit report       title: 'brace-expansion Regular Expression Denial of Service vulnerability',
308 silly audit report       severity: 'low',
308 silly audit report       vulnerable_versions: '>=2.0.0 <=2.0.1',
308 silly audit report       cwe: [Array],
308 silly audit report       cvss: [Object]
308 silly audit report     }
308 silly audit report   ],
308 silly audit report   next: [
308 silly audit report     {
308 silly audit report       id: 1103621,
308 silly audit report       url: 'https://github.com/advisories/GHSA-f82v-jwr5-mffw',
308 silly audit report       title: 'Authorization Bypass in Next.js Middleware',
308 silly audit report       severity: 'critical',
308 silly audit report       vulnerable_versions: '>=15.0.0 <15.2.3',
308 silly audit report       cwe: [Array],
308 silly audit report       cvss: [Object]
308 silly audit report     },
308 silly audit report     {
308 silly audit report       id: 1105462,
308 silly audit report       url: 'https://github.com/advisories/GHSA-3h52-269p-cp9r',
308 silly audit report       title: 'Information exposure in Next.js dev server due to lack of origin verification',
308 silly audit report       severity: 'low',
308 silly audit report       vulnerable_versions: '>=15.0.0 <15.2.2',
308 silly audit report       cwe: [Array],
308 silly audit report       cvss: [Object]
308 silly audit report     }
308 silly audit report   ],
308 silly audit report   esbuild: [
308 silly audit report     {
308 silly audit report       id: 1102341,
308 silly audit report       url: 'https://github.com/advisories/GHSA-67mh-4wv8-2f99',
308 silly audit report       title: 'esbuild enables any website to send any requests to the development server and read the response',
308 silly audit report       severity: 'moderate',
308 silly audit report       vulnerable_versions: '<=0.24.2',
308 silly audit report       cwe: [Array],
308 silly audit report       cvss: [Object]
308 silly audit report     }
308 silly audit report   ]
308 silly audit report }
309 timing metavuln:cache:get:security-advisory:brace-expansion:7IQMvcVTr+svbh5KCx4Kl6FQKJ1GciM03BnJAve/5WYJjUeRzKAIrStVpfachbl3T6a7o8nYlQEVG6Ih0TNXRg== Completed in 4ms
310 timing metavuln:cache:get:security-advisory:next:tCjhzNTmG1okYvNrgC1a6I3dLVhp+P6mkAUFLY2tJA/y+ZNOysTaqFlIqtRiPWkU3Fnj82yvXxDWSW7Q5tJYXA== Completed in 4ms
311 timing metavuln:cache:get:security-advisory:brace-expansion:mClmYqWawCNXseeTBHWiIwZH/2CmFUqPCmosJIeOhAgD9z1v3SayhHAwaWVo8wmeKU/JN9VP4zDBeXaqy3Ay2A== Completed in 4ms
312 timing metavuln:cache:get:security-advisory:next:NzBhClSXNJoexcujEI1FwlxKgRvAS291HJeAn/I+Yp6LCN3Dd9CSO6Tu9qG0rxF7egjQF6bEztmLrttZlRzfSA== Completed in 3ms
313 timing metavuln:cache:get:security-advisory:esbuild:jKdCIzePj7J1488qgRXvF8Srh9wutSuR1exB8YooNX62hT+qhtrUXYbArLNoIhgwbaCqKpmduh18syZU7BR9SA== Completed in 4ms
314 http fetch GET 200 https://registry.npmjs.org/brace-expansion 9ms (cache hit)
315 timing metavuln:packument:brace-expansion Completed in 9ms
316 timing metavuln:load:security-advisory:brace-expansion:1105443 Completed in 1ms
317 timing metavuln:calculate:security-advisory:brace-expansion:1105443 Completed in 11ms
318 timing metavuln:load:security-advisory:brace-expansion:1105444 Completed in 0ms
319 timing metavuln:calculate:security-advisory:brace-expansion:1105444 Completed in 10ms
320 http fetch GET 200 https://registry.npmjs.org/esbuild 10ms (cache hit)
321 timing metavuln:packument:esbuild Completed in 12ms
322 timing metavuln:load:security-advisory:esbuild:1102341 Completed in 1ms
323 timing metavuln:calculate:security-advisory:esbuild:1102341 Completed in 13ms
324 http fetch GET 200 https://registry.npmjs.org/next 36ms (cache hit)
325 timing metavuln:packument:next Completed in 145ms
326 timing metavuln:load:security-advisory:next:1103621 Completed in 18ms
327 timing metavuln:calculate:security-advisory:next:1103621 Completed in 163ms
328 timing metavuln:load:security-advisory:next:1105462 Completed in 22ms
329 timing metavuln:calculate:security-advisory:next:1105462 Completed in 184ms
330 timing metavuln:cache:get:security-advisory:minimatch:EdzP79sukXfwnaTxyFO/a1+fXPBBvIH9NlsgWGTGWGSpQkNPxYQxFaMxiKCAwfckwBABbsvD1jCrk+QZ4W56Rw== Completed in 7ms
331 http fetch GET 200 https://registry.npmjs.org/@types/uuid/-/uuid-10.0.0.tgz 263ms (cache miss)
332 timing reifyNode:node_modules/@types/uuid Completed in 280ms
333 http fetch GET 200 https://registry.npmjs.org/minimatch 9ms (cache hit)
334 timing metavuln:packument:minimatch Completed in 10ms
335 timing metavuln:load:security-advisory:minimatch:7IQMvcVTr+svbh5KCx4Kl6FQKJ1GciM03BnJAve/5WYJjUeRzKAIrStVpfachbl3T6a7o8nYlQEVG6Ih0TNXRg== Completed in 1ms
336 timing metavuln:calculate:security-advisory:minimatch:7IQMvcVTr+svbh5KCx4Kl6FQKJ1GciM03BnJAve/5WYJjUeRzKAIrStVpfachbl3T6a7o8nYlQEVG6Ih0TNXRg== Completed in 11ms
337 timing metavuln:cache:get:security-advisory:minimatch:47aVejY8/1KnEnFlTo+uF90a7w1XvtOjMP1i7DvyX4+jxy/wlG4RjX1rMW+bmptQMpL8TSkcMyWTMH7gxl9Fpg== Completed in 1ms
338 timing metavuln:load:security-advisory:minimatch:mClmYqWawCNXseeTBHWiIwZH/2CmFUqPCmosJIeOhAgD9z1v3SayhHAwaWVo8wmeKU/JN9VP4zDBeXaqy3Ay2A== Completed in 0ms
339 timing metavuln:calculate:security-advisory:minimatch:mClmYqWawCNXseeTBHWiIwZH/2CmFUqPCmosJIeOhAgD9z1v3SayhHAwaWVo8wmeKU/JN9VP4zDBeXaqy3Ay2A== Completed in 1ms
340 timing metavuln:cache:get:security-advisory:vite:tMBsdAS7JBTyRORp0YaJR984WAAsOxgmReSLBN0Nd41GhzEakjROICqAJ31iOdYG5Ijo/MlJ01p3ig1iN88+Tw== Completed in 4ms
341 http fetch GET 200 https://registry.npmjs.org/vite 7ms (cache hit)
342 timing metavuln:packument:vite Completed in 17ms
343 timing metavuln:load:security-advisory:vite:jKdCIzePj7J1488qgRXvF8Srh9wutSuR1exB8YooNX62hT+qhtrUXYbArLNoIhgwbaCqKpmduh18syZU7BR9SA== Completed in 3ms
344 timing metavuln:calculate:security-advisory:vite:jKdCIzePj7J1488qgRXvF8Srh9wutSuR1exB8YooNX62hT+qhtrUXYbArLNoIhgwbaCqKpmduh18syZU7BR9SA== Completed in 20ms
345 timing metavuln:cache:get:security-advisory:vite-node:qYQfE1mMxIUuwRggKZ3LbYT3bx3mXjMCa+BErBSpF5ui1NkOZf8s+ygWxS4DHMFgC2TLwtHm6g4avxKZe91a0g== Completed in 3ms
346 timing metavuln:cache:get:security-advisory:vitest:XRC5FYn4BgxTqFRmBvXrbhEb/XwDQF7aS38Di6r7Pv9zY1oGG9mQ2VYohi/Jc8TchbgRdRy0c0xiUZ9w83+tUA== Completed in 3ms
347 http fetch GET 200 https://registry.npmjs.org/vite-node 6ms (cache hit)
348 timing metavuln:packument:vite-node Completed in 8ms
349 timing metavuln:load:security-advisory:vite-node:tMBsdAS7JBTyRORp0YaJR984WAAsOxgmReSLBN0Nd41GhzEakjROICqAJ31iOdYG5Ijo/MlJ01p3ig1iN88+Tw== Completed in 0ms
350 timing metavuln:calculate:security-advisory:vite-node:tMBsdAS7JBTyRORp0YaJR984WAAsOxgmReSLBN0Nd41GhzEakjROICqAJ31iOdYG5Ijo/MlJ01p3ig1iN88+Tw== Completed in 8ms
351 http fetch GET 200 https://registry.npmjs.org/vitest 9ms (cache hit)
352 timing metavuln:packument:vitest Completed in 14ms
353 timing metavuln:load:security-advisory:vitest:tMBsdAS7JBTyRORp0YaJR984WAAsOxgmReSLBN0Nd41GhzEakjROICqAJ31iOdYG5Ijo/MlJ01p3ig1iN88+Tw== Completed in 1ms
354 timing metavuln:calculate:security-advisory:vitest:tMBsdAS7JBTyRORp0YaJR984WAAsOxgmReSLBN0Nd41GhzEakjROICqAJ31iOdYG5Ijo/MlJ01p3ig1iN88+Tw== Completed in 15ms
355 timing metavuln:cache:get:security-advisory:vitest:/pX+ULPoj9dEnRcNW69EXnv2mQCWcvTXV+PKVdUpqTO30rpIrWPLiQ08km9aOcIK0/KGaALKzFSV/S2lNDmaxg== Completed in 1ms
356 timing metavuln:load:security-advisory:vitest:qYQfE1mMxIUuwRggKZ3LbYT3bx3mXjMCa+BErBSpF5ui1NkOZf8s+ygWxS4DHMFgC2TLwtHm6g4avxKZe91a0g== Completed in 1ms
357 timing metavuln:calculate:security-advisory:vitest:qYQfE1mMxIUuwRggKZ3LbYT3bx3mXjMCa+BErBSpF5ui1NkOZf8s+ygWxS4DHMFgC2TLwtHm6g4avxKZe91a0g== Completed in 2ms
358 timing auditReport:init Completed in 249ms
359 timing reify:audit Completed in 344ms
360 http fetch GET 200 https://registry.npmjs.org/uuid/-/uuid-11.1.0.tgz 340ms (cache miss)
361 timing reifyNode:node_modules/uuid Completed in 355ms
362 timing reify:unpack Completed in 355ms
363 timing reify:unretire Completed in 0ms
364 timing build:queue Completed in 1ms
365 timing build:link:node_modules/uuid Completed in 2ms
366 timing build:link Completed in 2ms
367 timing build:deps Completed in 3ms
368 timing build Completed in 3ms
369 timing reify:build Completed in 4ms
370 timing reify:trash Completed in 4ms
371 timing reify:save Completed in 199ms
372 timing reify Completed in 1660ms
373 silly ADD node_modules/uuid
374 silly ADD node_modules/@types/uuid
375 silly ADD
376 silly ADD
377 silly ADD
378 silly ADD
379 silly ADD
380 silly ADD
381 silly ADD
382 silly ADD
383 silly ADD
384 silly ADD
385 silly ADD
386 silly ADD
387 silly ADD
388 silly ADD
389 silly ADD
390 silly ADD
391 silly ADD
392 silly ADD
393 silly ADD
394 silly ADD
395 silly ADD
396 silly ADD
397 silly ADD
398 silly ADD
399 silly ADD
400 silly ADD
401 silly ADD
402 silly ADD
403 silly ADD
404 silly ADD
405 silly ADD
406 silly ADD
407 silly ADD
408 silly ADD
409 silly ADD
410 silly ADD
411 silly ADD
412 silly ADD
413 silly ADD
414 silly ADD
415 silly ADD
416 silly ADD
417 silly ADD
418 silly ADD
419 silly ADD
420 silly ADD
421 silly ADD
422 silly ADD
423 silly ADD
424 silly ADD
425 silly ADD
426 silly ADD
427 silly ADD
428 silly ADD
429 silly ADD
430 silly ADD
431 silly ADD
432 silly ADD
433 silly ADD
434 silly ADD
435 silly ADD
436 silly ADD
437 silly ADD
438 silly ADD
439 silly ADD
440 silly ADD
441 silly ADD
442 silly ADD
443 silly ADD
444 silly ADD
445 silly ADD
446 silly ADD
447 silly ADD
448 silly ADD
449 silly ADD
450 silly ADD
451 silly ADD
452 silly ADD
453 silly ADD
454 silly ADD
455 silly ADD
456 silly ADD
457 timing command:install Completed in 1696ms
458 verbose exit 0
459 timing npm Completed in 1722ms
460 info ok
